  **** 500 k/500k_R1_60mm_27.trk ****


  Total primaries run:        40000000

    Total weight of the primaries run:   40000000.0    


  Detector n:            1   airout    
     (Volume:          1.00000000      cmc,
      distr. scored:           7    ,
      from reg.          11  )

     Tot. response (p/cmq/pr)  7.2375670E-02  +/-  0.2665031     %
     ( --> Track l. (cm/pr)      7.2375670E-02  +/-  0.2665031     % )

  **** Different. Fluxes as a function of energy **** ****      (integrated over solid angle)        ****


  Energy boundaries (GeV):

  6.4908857E-03  6.2255966E-03  5.9711491E-03  5.7271011E-03  5.4930281E-03
  5.2685221E-03  5.0531914E-03  4.8466618E-03  4.6485728E-03  4.4585806E-03
  4.2763534E-03  4.1015744E-03  3.9339378E-03  3.7731533E-03  3.6189402E-03
  3.4710304E-03  3.3291653E-03  3.1930986E-03  3.0625926E-03  2.9374212E-03
  2.8173653E-03  2.7022166E-03  2.5917736E-03  2.4858450E-03  2.3842456E-03
  2.2867990E-03  2.1933350E-03  2.1036908E-03  2.0177104E-03  1.9352445E-03
  1.8561487E-03  1.7802857E-03  1.7075235E-03  1.6377352E-03  1.5707990E-03
  1.5065987E-03  1.4450223E-03  1.3859626E-03  1.3293166E-03  1.2749861E-03
  1.2228759E-03  1.1728955E-03  1.1249580E-03  1.0789797E-03  1.0348805E-03
  9.9258381E-04  9.5201575E-04  9.1310585E-04  8.7578606E-04  8.3999184E-04
  8.0566033E-04  7.7273208E-04  7.4114965E-04  7.1085803E-04  6.8180443E-04
  6.5393833E-04  6.2721106E-04  6.0157629E-04  5.7698914E-04  5.5340701E-04
  5.3078862E-04  5.0909468E-04  4.8828736E-04  4.6833052E-04  4.4918931E-04
  4.3083046E-04  4.1322192E-04  3.9633305E-04  3.8013447E-04  3.6459797E-04
  3.4969641E-04  3.3540392E-04  3.2169558E-04  3.0854755E-04  2.9593683E-04
  2.8384157E-04  2.7224064E-04  2.6111386E-04  2.5044184E-04  2.4020599E-04
  2.3038850E-04  2.2097227E-04  2.1194086E-04  2.0327861E-04  1.9497037E-04
  1.8700173E-04  1.7935874E-04  1.7202814E-04  1.6499715E-04  1.5825355E-04
  1.5178554E-04  1.4558190E-04  1.3963180E-04  1.3392488E-04  1.2845121E-04
  1.2320127E-04  1.1816590E-04  1.1333632E-04  1.0870414E-04  1.0426128E-04
  Lowest boundary   (GeV):  9.9999997E-05

  Flux (Part/GeV/cmq/pr):

   0.000000     +/-    0.000000     %   2.3891959E-02 +/-    30.21500     % 
  0.7505226     +/-    5.437716     %    1.090760     +/-    4.892875     % 
   1.583556     +/-    4.159462     %    1.960070     +/-    3.410724     % 
   2.475723     +/-    3.554568     %    2.681440     +/-    3.250873     % 
   3.021495     +/-    2.847658     %    3.372457     +/-    2.912176     % 
   3.707037     +/-    2.634051     %    4.199980     +/-    3.064745     % 
   4.626383     +/-    2.917795     %    4.942908     +/-    2.380630     % 
   5.485109     +/-    2.546121     %    5.879792     +/-    2.358478     % 
   6.363355     +/-    2.753620     %    7.303399     +/-    2.414328     % 
   7.667251     +/-    2.277080     %    8.068761     +/-    2.485155     % 
   8.697083     +/-    2.251262     %    9.299238     +/-    2.790565     % 
   9.651348     +/-    2.451452     %    10.54883     +/-    2.062041     % 
   10.99801     +/-    2.154983     %    11.94337     +/-    2.173569     % 
   12.32991     +/-    2.157835     %    13.47927     +/-    2.408872     % 
   13.84992     +/-    2.202147     %    14.73813     +/-    2.248796     % 
   15.24471     +/-    2.185479     %    16.25334     +/-    2.343626     % 
   17.25570     +/-    2.222148     %    17.57191     +/-    2.120217     % 
   19.93932     +/-    2.223822     %    20.01336     +/-    2.243532     % 
   20.64451     +/-    2.025291     %    22.42516     +/-    2.084148     % 
   22.13282     +/-    2.310360     %    23.79761     +/-    1.999597     % 
   25.32680     +/-    2.285318     %    26.27471     +/-    2.238929     % 
   27.34372     +/-    2.055091     %    27.58007     +/-    2.122976     % 
   29.36291     +/-    2.459570     %    29.45742     +/-    2.026202     % 
   30.66675     +/-    2.577378     %    30.47252     +/-    2.331620     % 
   34.77116     +/-    2.166025     %    32.61958     +/-    2.708649     % 
   35.44495     +/-    2.151675     %    37.77836     +/-    2.120176     % 
   37.05500     +/-    2.695306     %    37.86462     +/-    2.395647     % 
   39.34364     +/-    2.408540     %    39.63388     +/-    2.484803     % 
   40.40051     +/-    2.225683     %    42.02442     +/-    2.226508     % 
   42.25555     +/-    2.183927     %    42.23293     +/-    2.324236     % 
   68.32741     +/-    1.725921     %    45.05716     +/-    2.472970     % 
   47.09934     +/-    2.511772     %    47.40125     +/-    2.305275     % 
   47.26734     +/-    2.467779     %    46.80944     +/-    2.422775     % 
   49.05330     +/-    2.733533     %    46.50718     +/-    2.596351     % 
   46.67762     +/-    3.018543     %    45.23326     +/-    2.666332     % 
   44.05927     +/-    2.936166     %    42.93636     +/-    3.200034     % 
   43.24378     +/-    3.251239     %    39.18133     +/-    3.675214     % 
   40.38523     +/-    3.146894     %    36.56631     +/-    3.284973     % 
   32.54234     +/-    3.277558     %    33.13198     +/-    4.154921     % 
   29.90047     +/-    4.351060     %    24.57237     +/-    4.358333     % 
   23.70170     +/-    4.385004     %    21.77114     +/-    4.934016     % 
   17.91143     +/-    5.170609     %    16.11014     +/-    5.437890     % 
   13.55566     +/-    5.402912     %    10.63443     +/-    6.681105     % 
   10.34204     +/-    6.814199     %    8.415359     +/-    7.520614     % 
   6.773250     +/-    9.582739     %    4.865612     +/-    8.639544     % 
   5.878413     +/-    8.370532     %    5.120911     +/-    9.752435     % 
   4.243078     +/-    11.76900     %    4.136264     +/-    10.34103     % 
   4.345213     +/-    10.07516     %    3.806277     +/-    7.743489     % 
   4.195208     +/-    7.181530     %    4.483941     +/-    9.530123     % 
   3.781508     +/-    11.24179     %    3.297533     +/-    11.73422     % 


  **** Cumulative Fluxes as a function of energy **** ****      (integrated over solid angle)        ****


  Energy boundaries (GeV):


  6.4908857E-03  6.2255966E-03  5.9711491E-03  5.7271011E-03  5.4930281E-03
  5.2685221E-03  5.0531914E-03  4.8466618E-03  4.6485728E-03  4.4585806E-03
  4.2763534E-03  4.1015744E-03  3.9339378E-03  3.7731533E-03  3.6189402E-03
  3.4710304E-03  3.3291653E-03  3.1930986E-03  3.0625926E-03  2.9374212E-03
  2.8173653E-03  2.7022166E-03  2.5917736E-03  2.4858450E-03  2.3842456E-03
  2.2867990E-03  2.1933350E-03  2.1036908E-03  2.0177104E-03  1.9352445E-03
  1.8561487E-03  1.7802857E-03  1.7075235E-03  1.6377352E-03  1.5707990E-03
  1.5065987E-03  1.4450223E-03  1.3859626E-03  1.3293166E-03  1.2749861E-03
  1.2228759E-03  1.1728955E-03  1.1249580E-03  1.0789797E-03  1.0348805E-03
  9.9258381E-04  9.5201575E-04  9.1310585E-04  8.7578606E-04  8.3999184E-04
  8.0566033E-04  7.7273208E-04  7.4114965E-04  7.1085803E-04  6.8180443E-04
  6.5393833E-04  6.2721106E-04  6.0157629E-04  5.7698914E-04  5.5340701E-04
  5.3078862E-04  5.0909468E-04  4.8828736E-04  4.6833052E-04  4.4918931E-04
  4.3083046E-04  4.1322192E-04  3.9633305E-04  3.8013447E-04  3.6459797E-04
  3.4969641E-04  3.3540392E-04  3.2169558E-04  3.0854755E-04  2.9593683E-04
  2.8384157E-04  2.7224064E-04  2.6111386E-04  2.5044184E-04  2.4020599E-04
  2.3038850E-04  2.2097227E-04  2.1194086E-04  2.0327861E-04  1.9497037E-04
  1.8700173E-04  1.7935874E-04  1.7202814E-04  1.6499715E-04  1.5825355E-04
  1.5178554E-04  1.4558190E-04  1.3963180E-04  1.3392488E-04  1.2845121E-04
  1.2320127E-04  1.1816590E-04  1.1333632E-04  1.0870414E-04  1.0426128E-04
  Lowest boundary   (GeV):  9.9999997E-05

  Cumul. Flux (Part/cmq/pr):

   0.000000     +/-    0.000000     %   6.0792509E-06 +/-    30.21500     % 
  1.8924274E-04 +/-    5.527760     %   4.4456028E-04 +/-    3.862307     % 
  8.0007809E-04 +/-    3.091869     %   1.2221412E-03 +/-    2.422178     % 
  1.7334513E-03 +/-    2.006858     %   2.2646151E-03 +/-    1.699062     % 
  2.8386754E-03 +/-    1.502315     %   3.4532289E-03 +/-    1.356750     % 
  4.1011409E-03 +/-    1.262184     %   4.8052114E-03 +/-    1.174248     % 
  5.5490620E-03 +/-    1.039084     %   6.3113230E-03 +/-   0.9776399     % 
  7.1226247E-03 +/-   0.9114723     %   7.9567619E-03 +/-   0.8832723     % 
  8.8226032E-03 +/-   0.8397841     %   9.7757401E-03 +/-   0.7742377     % 
  1.0735461E-02 +/-   0.7558272     %   1.1704163E-02 +/-   0.7382274     % 
  1.2705620E-02 +/-   0.7261376     %   1.3732656E-02 +/-   0.7440853     % 
  1.4755011E-02 +/-   0.6914113     %   1.5826765E-02 +/-   0.6798884     % 
  1.6898485E-02 +/-   0.6426963     %   1.8014759E-02 +/-   0.6173077     % 
  1.9120065E-02 +/-   0.6044714     %   2.0279018E-02 +/-   0.5677512     % 
  2.1421162E-02 +/-   0.5507455     %   2.2586888E-02 +/-   0.5320440     % 
  2.3743395E-02 +/-   0.5231504     %   2.4926025E-02 +/-   0.5052671     % 
  2.6130272E-02 +/-   0.4846941     %   2.7306467E-02 +/-   0.4573362     % 
  2.8586579E-02 +/-   0.4445750     %   2.9818930E-02 +/-   0.4273019     % 
  3.1038187E-02 +/-   0.4101016     %   3.2308482E-02 +/-   0.3853227     % 
  3.3510972E-02 +/-   0.3732707     %   3.4751069E-02 +/-   0.3783050     % 
  3.6016911E-02 +/-   0.3608441     %   3.7276454E-02 +/-   0.3575085     % 
  3.8533673E-02 +/-   0.3521879     %   3.9749932E-02 +/-   0.3418949     % 
  4.0991887E-02 +/-   0.3463036     %   4.2186916E-02 +/-   0.3376977     % 
  4.3380156E-02 +/-   0.3349821     %   4.4517387E-02 +/-   0.3379431     % 
  4.5761991E-02 +/-   0.3188080     %   4.6881869E-02 +/-   0.3039261     % 
  4.8049010E-02 +/-   0.3060405     %   4.9242143E-02 +/-   0.2993167     % 
  5.0364599E-02 +/-   0.2990968     %   5.1464703E-02 +/-   0.2971211     % 
  5.2561056E-02 +/-   0.2957320     %   5.3620361E-02 +/-   0.2990217     % 
  5.4656021E-02 +/-   0.3027440     %   5.5689279E-02 +/-   0.3014205     % 
  5.6685757E-02 +/-   0.3005900     %   5.7640996E-02 +/-   0.2978792     % 
  5.9123289E-02 +/-   0.3002214     %   6.0060807E-02 +/-   0.3010360     % 
  6.1000761E-02 +/-   0.2933442     %   6.1908077E-02 +/-   0.2948489     % 
  6.2775850E-02 +/-   0.2856441     %   6.3600101E-02 +/-   0.2879753     % 
  6.4428553E-02 +/-   0.2894871     %   6.5181904E-02 +/-   0.2898168     % 
  6.5907113E-02 +/-   0.2858020     %   6.6581160E-02 +/-   0.2792229     % 
  6.7210875E-02 +/-   0.2753219     %   6.7799456E-02 +/-   0.2723377     % 
  6.8368033E-02 +/-   0.2731948     %   6.8862133E-02 +/-   0.2718354     % 
  6.9350608E-02 +/-   0.2711053     %   6.9774806E-02 +/-   0.2689184     % 
  7.0136897E-02 +/-   0.2690603     %   7.0490487E-02 +/-   0.2677968     % 
  7.0796542E-02 +/-   0.2649934     %   7.1037777E-02 +/-   0.2640721     % 
  7.1260959E-02 +/-   0.2650337     %   7.1457587E-02 +/-   0.2631764     % 
  7.1612738E-02 +/-   0.2650445     %   7.1746588E-02 +/-   0.2653112     % 
  7.1854606E-02 +/-   0.2654154     %   7.1935885E-02 +/-   0.2653667     % 
  7.2011694E-02 +/-   0.2652960     %   7.2070867E-02 +/-   0.2659005     % 
  7.2116539E-02 +/-   0.2671010     %   7.2148010E-02 +/-   0.2678294     % 
  7.2184481E-02 +/-   0.2680161     %   7.2214946E-02 +/-   0.2682331     % 
  7.2239168E-02 +/-   0.2677232     %   7.2261803E-02 +/-   0.2674079     % 
  7.2284617E-02 +/-   0.2669058     %   7.2303787E-02 +/-   0.2671638     % 
  7.2324045E-02 +/-   0.2670343     %   7.2344817E-02 +/-   0.2669014     % 
  7.2361618E-02 +/-   0.2667050     %   7.2375670E-02 +/-   0.2665031     % 
