  **** 500 k/500k_R1_60mm_26.trk ****


  Total primaries run:        40000000

    Total weight of the primaries run:   40000000.0    


  Detector n:            1   airin     
     (Volume:          1.00000000      cmc,
      distr. scored:           7    ,
      from reg.          10  )

     Tot. response (p/cmq/pr)  0.1491092      +/-  8.7564856E-02 %
     ( --> Track l. (cm/pr)      0.1491092      +/-  8.7564856E-02 % )

  **** Different. Fluxes as a function of energy **** ****      (integrated over solid angle)        ****


  Energy boundaries (GeV):

  6.4908857E-03  6.2255966E-03  5.9711491E-03  5.7271011E-03  5.4930281E-03
  5.2685221E-03  5.0531914E-03  4.8466618E-03  4.6485728E-03  4.4585806E-03
  4.2763534E-03  4.1015744E-03  3.9339378E-03  3.7731533E-03  3.6189402E-03
  3.4710304E-03  3.3291653E-03  3.1930986E-03  3.0625926E-03  2.9374212E-03
  2.8173653E-03  2.7022166E-03  2.5917736E-03  2.4858450E-03  2.3842456E-03
  2.2867990E-03  2.1933350E-03  2.1036908E-03  2.0177104E-03  1.9352445E-03
  1.8561487E-03  1.7802857E-03  1.7075235E-03  1.6377352E-03  1.5707990E-03
  1.5065987E-03  1.4450223E-03  1.3859626E-03  1.3293166E-03  1.2749861E-03
  1.2228759E-03  1.1728955E-03  1.1249580E-03  1.0789797E-03  1.0348805E-03
  9.9258381E-04  9.5201575E-04  9.1310585E-04  8.7578606E-04  8.3999184E-04
  8.0566033E-04  7.7273208E-04  7.4114965E-04  7.1085803E-04  6.8180443E-04
  6.5393833E-04  6.2721106E-04  6.0157629E-04  5.7698914E-04  5.5340701E-04
  5.3078862E-04  5.0909468E-04  4.8828736E-04  4.6833052E-04  4.4918931E-04
  4.3083046E-04  4.1322192E-04  3.9633305E-04  3.8013447E-04  3.6459797E-04
  3.4969641E-04  3.3540392E-04  3.2169558E-04  3.0854755E-04  2.9593683E-04
  2.8384157E-04  2.7224064E-04  2.6111386E-04  2.5044184E-04  2.4020599E-04
  2.3038850E-04  2.2097227E-04  2.1194086E-04  2.0327861E-04  1.9497037E-04
  1.8700173E-04  1.7935874E-04  1.7202814E-04  1.6499715E-04  1.5825355E-04
  1.5178554E-04  1.4558190E-04  1.3963180E-04  1.3392488E-04  1.2845121E-04
  1.2320127E-04  1.1816590E-04  1.1333632E-04  1.0870414E-04  1.0426128E-04
  Lowest boundary   (GeV):  9.9999997E-05

  Flux (Part/GeV/cmq/pr):

   0.000000     +/-    0.000000     %   2.0121032E-02 +/-    17.08170     % 
  0.9345810     +/-    2.613388     %    1.635787     +/-    2.023444     % 
   2.273548     +/-    1.741862     %    2.805722     +/-    1.738618     % 
   3.398490     +/-    1.562857     %    3.914850     +/-    1.469330     % 
   4.584687     +/-    1.232347     %    5.067064     +/-    1.319928     % 
   5.618104     +/-    1.287284     %    6.322945     +/-    1.147126     % 
   6.881607     +/-    1.173380     %    7.548461     +/-    1.035002     % 
   8.263909     +/-    1.038183     %    9.024049     +/-   0.9602273     % 
   9.671441     +/-    1.049529     %    10.75468     +/-    1.089544     % 
   11.56908     +/-   0.9076144     %    12.28881     +/-   0.9072282     % 
   13.47781     +/-   0.9866682     %    14.37354     +/-   0.8529629     % 
   15.29464     +/-   0.9691783     %    16.57749     +/-   0.8285054     % 
   17.78004     +/-   0.8666034     %    19.04066     +/-   0.9580048     % 
   20.09537     +/-   0.8107637     %    21.67000     +/-   0.9381173     % 
   23.01521     +/-   0.8517671     %    24.50112     +/-   0.9433632     % 
   26.28002     +/-   0.9241054     %    27.92550     +/-   0.8260073     % 
   29.68167     +/-   0.7339661     %    31.00743     +/-   0.7271760     % 
   34.05923     +/-   0.8234020     %    35.44312     +/-   0.8200188     % 
   37.23368     +/-   0.7151256     %    39.66971     +/-   0.8201936     % 
   41.55178     +/-   0.8854178     %    44.19060     +/-   0.7560297     % 
   47.15143     +/-   0.7121277     %    48.90031     +/-   0.7954832     % 
   52.28135     +/-   0.6553581     %    54.54866     +/-   0.7632352     % 
   57.76347     +/-   0.8045686     %    60.62954     +/-   0.8603263     % 
   62.99569     +/-   0.7783104     %    65.15880     +/-   0.7488680     % 
   70.79159     +/-   0.6180325     %    71.77232     +/-   0.8193010     % 
   76.74223     +/-   0.8197355     %    80.00901     +/-   0.7209692     % 
   82.96985     +/-   0.8394085     %    86.90009     +/-   0.8383542     % 
   90.05082     +/-   0.7241001     %    93.81037     +/-   0.7842273     % 
   96.40950     +/-   0.7902669     %    101.3603     +/-   0.7058657     % 
   104.1610     +/-   0.5705255     %    107.2828     +/-   0.6766970     % 
   195.0342     +/-   0.4254523     %    115.5287     +/-   0.6975607     % 
   120.0928     +/-   0.6307025     %    122.0499     +/-   0.6998909     % 
   123.8898     +/-   0.7124428     %    126.0073     +/-   0.6926374     % 
   130.5223     +/-   0.8687828     %    131.3322     +/-   0.6967083     % 
   132.2483     +/-   0.7669094     %    132.2544     +/-   0.7939491     % 
   132.0413     +/-   0.6305814     %    129.6577     +/-   0.6886253     % 
   128.3164     +/-   0.7737434     %    125.0032     +/-   0.8339935     % 
   123.5217     +/-   0.8394693     %    118.1414     +/-   0.9507144     % 
   111.3301     +/-   0.8124993     %    108.5805     +/-   0.9632299     % 
   103.2138     +/-    1.215553     %    92.79395     +/-    1.012859     % 
   86.06396     +/-    1.112275     %    78.02138     +/-    1.094215     % 
   69.75977     +/-    1.210897     %    61.88688     +/-    1.227881     % 
   53.77774     +/-    1.341047     %    46.66835     +/-    1.311149     % 
   41.37047     +/-    1.650923     %    33.57014     +/-    1.255509     % 
   28.11629     +/-    1.743068     %    24.90605     +/-    1.737704     % 
   21.62273     +/-    2.216880     %    18.93021     +/-    2.189470     % 
   16.64847     +/-    2.252610     %    14.64577     +/-    2.282475     % 
   13.17441     +/-    3.167296     %    11.47969     +/-    2.480844     % 
   10.23083     +/-    2.792518     %    9.198710     +/-    2.734533     % 
   8.516634     +/-    3.273040     %    7.471334     +/-    3.613995     % 


  **** Cumulative Fluxes as a function of energy **** ****      (integrated over solid angle)        ****


  Energy boundaries (GeV):


  6.4908857E-03  6.2255966E-03  5.9711491E-03  5.7271011E-03  5.4930281E-03
  5.2685221E-03  5.0531914E-03  4.8466618E-03  4.6485728E-03  4.4585806E-03
  4.2763534E-03  4.1015744E-03  3.9339378E-03  3.7731533E-03  3.6189402E-03
  3.4710304E-03  3.3291653E-03  3.1930986E-03  3.0625926E-03  2.9374212E-03
  2.8173653E-03  2.7022166E-03  2.5917736E-03  2.4858450E-03  2.3842456E-03
  2.2867990E-03  2.1933350E-03  2.1036908E-03  2.0177104E-03  1.9352445E-03
  1.8561487E-03  1.7802857E-03  1.7075235E-03  1.6377352E-03  1.5707990E-03
  1.5065987E-03  1.4450223E-03  1.3859626E-03  1.3293166E-03  1.2749861E-03
  1.2228759E-03  1.1728955E-03  1.1249580E-03  1.0789797E-03  1.0348805E-03
  9.9258381E-04  9.5201575E-04  9.1310585E-04  8.7578606E-04  8.3999184E-04
  8.0566033E-04  7.7273208E-04  7.4114965E-04  7.1085803E-04  6.8180443E-04
  6.5393833E-04  6.2721106E-04  6.0157629E-04  5.7698914E-04  5.5340701E-04
  5.3078862E-04  5.0909468E-04  4.8828736E-04  4.6833052E-04  4.4918931E-04
  4.3083046E-04  4.1322192E-04  3.9633305E-04  3.8013447E-04  3.6459797E-04
  3.4969641E-04  3.3540392E-04  3.2169558E-04  3.0854755E-04  2.9593683E-04
  2.8384157E-04  2.7224064E-04  2.6111386E-04  2.5044184E-04  2.4020599E-04
  2.3038850E-04  2.2097227E-04  2.1194086E-04  2.0327861E-04  1.9497037E-04
  1.8700173E-04  1.7935874E-04  1.7202814E-04  1.6499715E-04  1.5825355E-04
  1.5178554E-04  1.4558190E-04  1.3963180E-04  1.3392488E-04  1.2845121E-04
  1.2320127E-04  1.1816590E-04  1.1333632E-04  1.0870414E-04  1.0426128E-04
  Lowest boundary   (GeV):  9.9999997E-05

  Cumul. Flux (Part/cmq/pr):

   0.000000     +/-    0.000000     %   5.1197480E-06 +/-    17.08170     % 
  2.3320233E-04 +/-    2.692392     %   6.1609584E-04 +/-    1.676933     % 
  1.1265209E-03 +/-    1.301188     %   1.7306788E-03 +/-    1.070500     % 
  2.4325678E-03 +/-   0.9192600     %   3.2080566E-03 +/-   0.8001586     % 
  4.0791114E-03 +/-   0.6578717     %   5.0024684E-03 +/-   0.5644785     % 
  5.9843948E-03 +/-   0.5273097     %   7.0443521E-03 +/-   0.4972179     % 
  8.1508076E-03 +/-   0.4528100     %   9.3148788E-03 +/-   0.4096110     % 
  1.0537192E-02 +/-   0.3928859     %   1.1817390E-02 +/-   0.3670413     % 
  1.3133351E-02 +/-   0.3430413     %   1.4536901E-02 +/-   0.3191237     % 
  1.5985020E-02 +/-   0.3054161     %   1.7460363E-02 +/-   0.2863405     % 
  1.9012315E-02 +/-   0.2856165     %   2.0599773E-02 +/-   0.2822970     % 
  2.2219911E-02 +/-   0.2602274     %   2.3904175E-02 +/-   0.2623627     % 
  2.5636779E-02 +/-   0.2460262     %   2.7416397E-02 +/-   0.2303908     % 
  2.9217830E-02 +/-   0.2215964     %   3.1081025E-02 +/-   0.2093118     % 
  3.2978993E-02 +/-   0.2044294     %   3.4916930E-02 +/-   0.1939325     % 
  3.6910612E-02 +/-   0.1966228     %   3.8942531E-02 +/-   0.1938040     % 
  4.1013967E-02 +/-   0.1841433     %   4.3089483E-02 +/-   0.1746878     % 
  4.5276098E-02 +/-   0.1721794     %   4.7458556E-02 +/-   0.1673085     % 
  4.9657568E-02 +/-   0.1670073     %   5.1904693E-02 +/-   0.1543584     % 
  5.4162227E-02 +/-   0.1486551     %   5.6465007E-02 +/-   0.1514063     % 
  5.8821652E-02 +/-   0.1428053     %   6.1165810E-02 +/-   0.1415267     % 
  6.3569620E-02 +/-   0.1403834     %   6.5975174E-02 +/-   0.1357719     % 
  6.8418376E-02 +/-   0.1336456     %   7.0877999E-02 +/-   0.1267607     % 
  7.3329158E-02 +/-   0.1284272     %   7.5760871E-02 +/-   0.1280419     % 
  7.8294799E-02 +/-   0.1237234     %   8.0758847E-02 +/-   0.1195356     % 
  8.3285838E-02 +/-   0.1193870     %   8.5812718E-02 +/-   0.1127249     % 
  8.8326007E-02 +/-   0.1108766     %   9.0850770E-02 +/-   0.1084070     % 
  9.3360133E-02 +/-   0.1082874     %   9.5867425E-02 +/-   0.1091342     % 
  9.8338865E-02 +/-   0.1070498     %   0.1008310     +/-   0.1049504     % 
  0.1032874     +/-   0.1019427     %   0.1057139     +/-   0.1026403     % 
  0.1099450     +/-   0.1007106     %   0.1123488     +/-   0.1026434     % 
  0.1147455     +/-   0.1028027     %   0.1170817     +/-   0.1029219     % 
  0.1193562     +/-   0.1024326     %   0.1215750     +/-   0.1013489     % 
  0.1237793     +/-   0.1017234     %   0.1259067     +/-   9.9682316E-02 % 
  0.1279614     +/-   9.8072238E-02 %   0.1299322     +/-   9.5636867E-02 % 
  0.1318194     +/-   9.3102172E-02 %   0.1335968     +/-   9.2166364E-02 % 
  0.1352839     +/-   9.1058269E-02 %   0.1368603     +/-   9.0319671E-02 % 
  0.1383543     +/-   8.9939669E-02 %   0.1397249     +/-   9.0021782E-02 % 
  0.1409636     +/-   9.0065159E-02 %   0.1421224     +/-   8.8325799E-02 % 
  0.1431789     +/-   8.7439388E-02 %   0.1440899     +/-   8.7721474E-02 % 
  0.1449003     +/-   8.7945186E-02 %   0.1456049     +/-   8.8792764E-02 % 
  0.1462092     +/-   8.7501645E-02 %   0.1467234     +/-   8.7950997E-02 % 
  0.1471519     +/-   8.8671237E-02 %   0.1475086     +/-   8.8147797E-02 % 
  0.1478118     +/-   8.7933488E-02 %   0.1480479     +/-   8.7879673E-02 % 
  0.1482375     +/-   8.8401407E-02 %   0.1483986     +/-   8.8489413E-02 % 
  0.1485327     +/-   8.8311359E-02 %   0.1486454     +/-   8.8204719E-02 % 
  0.1487404     +/-   8.8056609E-02 %   0.1488205     +/-   8.7847680E-02 % 
  0.1488897     +/-   8.7603800E-02 %   0.1489475     +/-   8.7583207E-02 % 
  0.1489969     +/-   8.7583639E-02 %   0.1490395     +/-   8.7507404E-02 % 
  0.1490774     +/-   8.7492451E-02 %   0.1491092     +/-   8.7564863E-02 % 
