  **** 10M_R2_60mm_27.trk ****


  Total primaries run:       800000000

    Total weight of the primaries run:   800000000.    


  Detector n:            1   airout    
     (Volume:          1.00000000      cmc,
      distr. scored:           7    ,
      from reg.          11  )

     Tot. response (p/cmq/pr)  7.2388388E-02  +/-  6.0114875E-02 %
     ( --> Track l. (cm/pr)      7.2388388E-02  +/-  6.0114875E-02 % )

  **** Different. Fluxes as a function of energy **** ****      (integrated over solid angle)        ****


  Energy boundaries (GeV):

  6.4908857E-03  6.2255966E-03  5.9711491E-03  5.7271011E-03  5.4930281E-03
  5.2685221E-03  5.0531914E-03  4.8466618E-03  4.6485728E-03  4.4585806E-03
  4.2763534E-03  4.1015744E-03  3.9339378E-03  3.7731533E-03  3.6189402E-03
  3.4710304E-03  3.3291653E-03  3.1930986E-03  3.0625926E-03  2.9374212E-03
  2.8173653E-03  2.7022166E-03  2.5917736E-03  2.4858450E-03  2.3842456E-03
  2.2867990E-03  2.1933350E-03  2.1036908E-03  2.0177104E-03  1.9352445E-03
  1.8561487E-03  1.7802857E-03  1.7075235E-03  1.6377352E-03  1.5707990E-03
  1.5065987E-03  1.4450223E-03  1.3859626E-03  1.3293166E-03  1.2749861E-03
  1.2228759E-03  1.1728955E-03  1.1249580E-03  1.0789797E-03  1.0348805E-03
  9.9258381E-04  9.5201575E-04  9.1310585E-04  8.7578606E-04  8.3999184E-04
  8.0566033E-04  7.7273208E-04  7.4114965E-04  7.1085803E-04  6.8180443E-04
  6.5393833E-04  6.2721106E-04  6.0157629E-04  5.7698914E-04  5.5340701E-04
  5.3078862E-04  5.0909468E-04  4.8828736E-04  4.6833052E-04  4.4918931E-04
  4.3083046E-04  4.1322192E-04  3.9633305E-04  3.8013447E-04  3.6459797E-04
  3.4969641E-04  3.3540392E-04  3.2169558E-04  3.0854755E-04  2.9593683E-04
  2.8384157E-04  2.7224064E-04  2.6111386E-04  2.5044184E-04  2.4020599E-04
  2.3038850E-04  2.2097227E-04  2.1194086E-04  2.0327861E-04  1.9497037E-04
  1.8700173E-04  1.7935874E-04  1.7202814E-04  1.6499715E-04  1.5825355E-04
  1.5178554E-04  1.4558190E-04  1.3963180E-04  1.3392488E-04  1.2845121E-04
  1.2320127E-04  1.1816590E-04  1.1333632E-04  1.0870414E-04  1.0426128E-04
  Lowest boundary   (GeV):  9.9999997E-05

  Flux (Part/GeV/cmq/pr):

   0.000000     +/-    0.000000     %   2.2126013E-02 +/-    6.839508     % 
  0.6768027     +/-    1.476255     %    1.164549     +/-   0.9942346     % 
   1.542867     +/-   0.9781166     %    1.940017     +/-   0.7200631     % 
   2.318261     +/-   0.8062049     %    2.678545     +/-   0.7672121     % 
   3.030687     +/-   0.6467746     %    3.391936     +/-   0.6523825     % 
   3.724652     +/-   0.6706613     %    4.155978     +/-   0.5645460     % 
   4.572020     +/-   0.6538839     %    5.001097     +/-   0.6054528     % 
   5.396996     +/-   0.5321534     %    5.883687     +/-   0.5057557     % 
   6.423993     +/-   0.5507245     %    6.916412     +/-   0.5551074     % 
   7.403808     +/-   0.5324867     %    8.006872     +/-   0.5779161     % 
   8.531473     +/-   0.4703559     %    9.114264     +/-   0.5120768     % 
   9.777896     +/-   0.5102317     %    10.36788     +/-   0.5425183     % 
   11.03452     +/-   0.4864317     %    11.75191     +/-   0.5818830     % 
   12.48903     +/-   0.5029116     %    13.23031     +/-   0.5081317     % 
   14.02491     +/-   0.5049011     %    14.94922     +/-   0.5029259     % 
   15.61534     +/-   0.4359377     %    16.44637     +/-   0.4595469     % 
   17.38528     +/-   0.4681275     %    18.29116     +/-   0.4017189     % 
   19.36442     +/-   0.4002303     %    20.10192     +/-   0.4344876     % 
   21.00970     +/-   0.4540952     %    22.07329     +/-   0.4498457     % 
   22.97348     +/-   0.5129949     %    24.00241     +/-   0.4188363     % 
   24.93600     +/-   0.4511113     %    25.86473     +/-   0.4782103     % 
   27.00736     +/-   0.4199923     %    27.88054     +/-   0.4801784     % 
   29.03456     +/-   0.4183689     %    29.73557     +/-   0.3995143     % 
   30.99919     +/-   0.4835031     %    31.78525     +/-   0.4789476     % 
   33.18718     +/-   0.4881788     %    33.87961     +/-   0.4708740     % 
   35.23792     +/-   0.4559202     %    36.00593     +/-   0.4426699     % 
   36.90199     +/-   0.5477615     %    38.04056     +/-   0.5277079     % 
   38.81137     +/-   0.4522939     %    40.09082     +/-   0.4885431     % 
   41.42479     +/-   0.5116216     %    41.92929     +/-   0.5297760     % 
   42.85293     +/-   0.5350658     %    43.55254     +/-   0.4673828     % 
   69.64189     +/-   0.4239719     %    45.48299     +/-   0.5545822     % 
   46.32433     +/-   0.5276834     %    46.34692     +/-   0.5857494     % 
   46.65914     +/-   0.5012392     %    47.39042     +/-   0.5692619     % 
   47.32640     +/-   0.5116447     %    46.76197     +/-   0.5442633     % 
   45.76130     +/-   0.6378763     %    45.63641     +/-   0.5116338     % 
   44.38832     +/-   0.5630246     %    43.64687     +/-   0.7481939     % 
   42.38652     +/-   0.6360147     %    40.93551     +/-   0.8180521     % 
   39.13294     +/-   0.7877981     %    37.23225     +/-   0.7932150     % 
   35.25481     +/-   0.8053278     %    32.99183     +/-   0.7635599     % 
   30.46957     +/-    1.004869     %    27.62636     +/-   0.8758061     % 
   24.38324     +/-   0.9100505     %    21.47426     +/-    1.178147     % 
   18.65283     +/-    1.036426     %    16.24200     +/-    1.222764     % 
   13.39908     +/-    1.406979     %    11.21251     +/-    1.742944     % 
   9.885561     +/-    1.552981     %    8.212621     +/-    1.862793     % 
   6.838013     +/-    2.232512     %    5.828600     +/-    2.101484     % 
   5.309676     +/-    2.338809     %    4.746614     +/-    2.179292     % 
   4.442805     +/-    2.107829     %    4.266033     +/-    2.300891     % 
   4.202514     +/-    2.244860     %    4.164581     +/-    1.768005     % 
   3.951650     +/-    2.315109     %    3.700505     +/-    2.168830     % 
   3.370892     +/-    2.659856     %    3.101420     +/-    2.247745     % 


  **** Cumulative Fluxes as a function of energy **** ****      (integrated over solid angle)        ****


  Energy boundaries (GeV):


  6.4908857E-03  6.2255966E-03  5.9711491E-03  5.7271011E-03  5.4930281E-03
  5.2685221E-03  5.0531914E-03  4.8466618E-03  4.6485728E-03  4.4585806E-03
  4.2763534E-03  4.1015744E-03  3.9339378E-03  3.7731533E-03  3.6189402E-03
  3.4710304E-03  3.3291653E-03  3.1930986E-03  3.0625926E-03  2.9374212E-03
  2.8173653E-03  2.7022166E-03  2.5917736E-03  2.4858450E-03  2.3842456E-03
  2.2867990E-03  2.1933350E-03  2.1036908E-03  2.0177104E-03  1.9352445E-03
  1.8561487E-03  1.7802857E-03  1.7075235E-03  1.6377352E-03  1.5707990E-03
  1.5065987E-03  1.4450223E-03  1.3859626E-03  1.3293166E-03  1.2749861E-03
  1.2228759E-03  1.1728955E-03  1.1249580E-03  1.0789797E-03  1.0348805E-03
  9.9258381E-04  9.5201575E-04  9.1310585E-04  8.7578606E-04  8.3999184E-04
  8.0566033E-04  7.7273208E-04  7.4114965E-04  7.1085803E-04  6.8180443E-04
  6.5393833E-04  6.2721106E-04  6.0157629E-04  5.7698914E-04  5.5340701E-04
  5.3078862E-04  5.0909468E-04  4.8828736E-04  4.6833052E-04  4.4918931E-04
  4.3083046E-04  4.1322192E-04  3.9633305E-04  3.8013447E-04  3.6459797E-04
  3.4969641E-04  3.3540392E-04  3.2169558E-04  3.0854755E-04  2.9593683E-04
  2.8384157E-04  2.7224064E-04  2.6111386E-04  2.5044184E-04  2.4020599E-04
  2.3038850E-04  2.2097227E-04  2.1194086E-04  2.0327861E-04  1.9497037E-04
  1.8700173E-04  1.7935874E-04  1.7202814E-04  1.6499715E-04  1.5825355E-04
  1.5178554E-04  1.4558190E-04  1.3963180E-04  1.3392488E-04  1.2845121E-04
  1.2320127E-04  1.1816590E-04  1.1333632E-04  1.0870414E-04  1.0426128E-04
  Lowest boundary   (GeV):  9.9999997E-05

  Cumul. Flux (Part/cmq/pr):

   0.000000     +/-    0.000000     %   5.6299104E-06 +/-    6.839508     % 
  1.7080223E-04 +/-    1.436600     %   4.4339165E-04 +/-   0.8511771     % 
  7.8977452E-04 +/-   0.6623473     %   1.2075196E-03 +/-   0.4774552     % 
  1.6863091E-03 +/-   0.4035791     %   2.2168995E-03 +/-   0.3561036     % 
  2.7927065E-03 +/-   0.3251672     %   3.4108094E-03 +/-   0.2679373     % 
  4.0618004E-03 +/-   0.2567439     %   4.7584949E-03 +/-   0.2446686     % 
  5.4936046E-03 +/-   0.2386980     %   6.2648389E-03 +/-   0.2288688     % 
  7.0631080E-03 +/-   0.2188589     %   7.8977980E-03 +/-   0.2123487     % 
  8.7718889E-03 +/-   0.2020366     %   9.6745230E-03 +/-   0.1836531     % 
  1.0601267E-02 +/-   0.1768502     %   1.1562539E-02 +/-   0.1669425     % 
  1.2544928E-02 +/-   0.1523674     %   1.3551534E-02 +/-   0.1476662     % 
  1.4587293E-02 +/-   0.1448313     %   1.5640663E-02 +/-   0.1373317     % 
  1.6715940E-02 +/-   0.1385117     %   1.7814321E-02 +/-   0.1363577     % 
  1.8933890E-02 +/-   0.1257852     %   2.0071438E-02 +/-   0.1277205     % 
  2.1228014E-02 +/-   0.1234732     %   2.2410436E-02 +/-   0.1211952     % 
  2.3595061E-02 +/-   0.1198505     %   2.4791736E-02 +/-   0.1155321     % 
  2.6005026E-02 +/-   0.1164535     %   2.7229365E-02 +/-   0.1096983     % 
  2.8472569E-02 +/-   0.1046499     %   2.9710371E-02 +/-   0.1021535     % 
  3.0951198E-02 +/-   9.7999774E-02 %   3.2201562E-02 +/-   9.7126380E-02 % 
  3.3449724E-02 +/-   9.5074601E-02 %   3.4700494E-02 +/-   9.3179725E-02 % 
  3.5946805E-02 +/-   9.0649381E-02 %   3.7186693E-02 +/-   8.8849559E-02 % 
  3.8428448E-02 +/-   9.0045139E-02 %   3.9657958E-02 +/-   8.8861138E-02 % 
  4.0886022E-02 +/-   8.8515192E-02 %   4.2092338E-02 +/-   8.8463046E-02 % 
  4.3298513E-02 +/-   8.6786509E-02 %   4.4484731E-02 +/-   8.3728820E-02 % 
  4.5672640E-02 +/-   8.1947632E-02 %   4.6835780E-02 +/-   7.9692893E-02 % 
  4.7996104E-02 +/-   7.7659972E-02 %   4.9133256E-02 +/-   7.7354819E-02 % 
  5.0251078E-02 +/-   7.7421881E-02 %   5.1356293E-02 +/-   7.8243457E-02 % 
  5.2437816E-02 +/-   7.8145161E-02 %   5.3509332E-02 +/-   7.8539632E-02 % 
  5.4571249E-02 +/-   7.6446801E-02 %   5.5602171E-02 +/-   7.5273372E-02 % 
  5.6612734E-02 +/-   7.6069817E-02 %   5.7597820E-02 +/-   7.4069850E-02 % 
  5.9108630E-02 +/-   7.2910406E-02 %   6.0055006E-02 +/-   7.3408030E-02 % 
  6.0979497E-02 +/-   7.3226258E-02 %   6.1866630E-02 +/-   7.0768155E-02 % 
  6.2723242E-02 +/-   6.9915265E-02 %   6.3557714E-02 +/-   6.8332933E-02 % 
  6.4357005E-02 +/-   6.8065345E-02 %   6.5114483E-02 +/-   6.7061238E-02 % 
  6.5825455E-02 +/-   6.6788577E-02 %   6.6505507E-02 +/-   6.6154167E-02 % 
  6.7139924E-02 +/-   6.6307843E-02 %   6.7738250E-02 +/-   6.3717797E-02 % 
  6.8295553E-02 +/-   6.2611088E-02 %   6.8811774E-02 +/-   6.2254786E-02 % 
  6.9285102E-02 +/-   6.1481223E-02 %   6.9717027E-02 +/-   6.1359201E-02 % 
  7.0109300E-02 +/-   6.0292095E-02 %   7.0461392E-02 +/-   5.9959453E-02 % 
  7.0773274E-02 +/-   5.9411999E-02 %   7.1044497E-02 +/-   5.9836619E-02 % 
  7.1274094E-02 +/-   6.0561266E-02 %   7.1468033E-02 +/-   6.0288396E-02 % 
  7.1629614E-02 +/-   6.0228832E-02 %   7.1764551E-02 +/-   6.0516864E-02 % 
  7.1871325E-02 +/-   6.0597036E-02 %   7.1957022E-02 +/-   6.0647190E-02 % 
  7.2029494E-02 +/-   6.0378324E-02 %   7.2087236E-02 +/-   6.0100071E-02 % 
  7.2133347E-02 +/-   6.0147025E-02 %   7.2171047E-02 +/-   6.0207661E-02 % 
  7.2203986E-02 +/-   6.0199082E-02 %   7.2232231E-02 +/-   6.0245283E-02 % 
  7.2257586E-02 +/-   6.0227387E-02 %   7.2280936E-02 +/-   6.0093176E-02 % 
  7.2302997E-02 +/-   6.0079772E-02 %   7.2323963E-02 +/-   6.0040202E-02 % 
  7.2343051E-02 +/-   6.0080566E-02 %   7.2360195E-02 +/-   6.0039815E-02 % 
  7.2375171E-02 +/-   6.0092919E-02 %   7.2388388E-02 +/-   6.0114875E-02 % 
