  **** 5 k/5k_R1_60mm_26.trk ****


  Total primaries run:          400000

    Total weight of the primaries run:   400000.000    


  Detector n:            1   airin     
     (Volume:          1.00000000      cmc,
      distr. scored:           7    ,
      from reg.          10  )

     Tot. response (p/cmq/pr)  0.1473172      +/-  0.9300355     %
     ( --> Track l. (cm/pr)      0.1473172      +/-  0.9300355     % )

  **** Different. Fluxes as a function of energy **** ****      (integrated over solid angle)        ****


  Energy boundaries (GeV):

  6.4908857E-03  6.2255966E-03  5.9711491E-03  5.7271011E-03  5.4930281E-03
  5.2685221E-03  5.0531914E-03  4.8466618E-03  4.6485728E-03  4.4585806E-03
  4.2763534E-03  4.1015744E-03  3.9339378E-03  3.7731533E-03  3.6189402E-03
  3.4710304E-03  3.3291653E-03  3.1930986E-03  3.0625926E-03  2.9374212E-03
  2.8173653E-03  2.7022166E-03  2.5917736E-03  2.4858450E-03  2.3842456E-03
  2.2867990E-03  2.1933350E-03  2.1036908E-03  2.0177104E-03  1.9352445E-03
  1.8561487E-03  1.7802857E-03  1.7075235E-03  1.6377352E-03  1.5707990E-03
  1.5065987E-03  1.4450223E-03  1.3859626E-03  1.3293166E-03  1.2749861E-03
  1.2228759E-03  1.1728955E-03  1.1249580E-03  1.0789797E-03  1.0348805E-03
  9.9258381E-04  9.5201575E-04  9.1310585E-04  8.7578606E-04  8.3999184E-04
  8.0566033E-04  7.7273208E-04  7.4114965E-04  7.1085803E-04  6.8180443E-04
  6.5393833E-04  6.2721106E-04  6.0157629E-04  5.7698914E-04  5.5340701E-04
  5.3078862E-04  5.0909468E-04  4.8828736E-04  4.6833052E-04  4.4918931E-04
  4.3083046E-04  4.1322192E-04  3.9633305E-04  3.8013447E-04  3.6459797E-04
  3.4969641E-04  3.3540392E-04  3.2169558E-04  3.0854755E-04  2.9593683E-04
  2.8384157E-04  2.7224064E-04  2.6111386E-04  2.5044184E-04  2.4020599E-04
  2.3038850E-04  2.2097227E-04  2.1194086E-04  2.0327861E-04  1.9497037E-04
  1.8700173E-04  1.7935874E-04  1.7202814E-04  1.6499715E-04  1.5825355E-04
  1.5178554E-04  1.4558190E-04  1.3963180E-04  1.3392488E-04  1.2845121E-04
  1.2320127E-04  1.1816590E-04  1.1333632E-04  1.0870414E-04  1.0426128E-04
  Lowest boundary   (GeV):  9.9999997E-05

  Flux (Part/GeV/cmq/pr):

   0.000000     +/-    0.000000     %    0.000000     +/-    0.000000     % 
   1.128018     +/-    25.24450     %    1.846590     +/-    17.85344     % 
   2.334379     +/-    16.80697     %    2.876277     +/-    14.99290     % 
   2.287350     +/-    12.30267     %    3.138172     +/-    12.73316     % 
   4.911377     +/-    11.92478     %    5.815897     +/-    13.16790     % 
   5.730180     +/-    13.00065     %    6.849920     +/-    10.77046     % 
   6.439452     +/-    12.64436     %    7.657366     +/-    11.28811     % 
   8.538976     +/-    10.56936     %    8.412938     +/-    11.86586     % 
   8.596736     +/-    10.83831     %    10.66531     +/-    10.77168     % 
   10.95521     +/-    10.35412     %    11.24869     +/-    11.15268     % 
   15.98165     +/-    9.432148     %    14.04697     +/-    9.959665     % 
   14.49089     +/-    8.478959     %    14.96048     +/-    8.811320     % 
   19.52551     +/-    7.925169     %    18.92878     +/-    7.783641     % 
   21.85187     +/-    7.930669     %    27.01347     +/-    7.849239     % 
   18.92055     +/-    9.132808     %    23.39419     +/-    7.979010     % 
   23.25088     +/-    8.230932     %    26.49161     +/-    8.207048     % 
   28.97781     +/-    7.537524     %    33.54393     +/-    8.098758     % 
   37.60152     +/-    9.127707     %    32.89313     +/-    6.950982     % 
   33.27381     +/-    8.850874     %    40.50275     +/-    7.921527     % 
   39.02218     +/-    8.658524     %    39.79132     +/-    7.200861     % 
   48.21339     +/-    6.692115     %    44.80751     +/-    6.869091     % 
   48.13400     +/-    7.975348     %    51.94852     +/-    6.705742     % 
   55.94546     +/-    7.015658     %    57.06131     +/-    7.642284     % 
   58.49874     +/-    7.216395     %    59.55659     +/-    7.026536     % 
   74.78664     +/-    7.108744     %    77.18767     +/-    7.498604     % 
   75.95028     +/-    7.555925     %    79.76680     +/-    7.091518     % 
   81.69140     +/-    6.634093     %    82.68369     +/-    7.280499     % 
   90.54351     +/-    7.445433     %    91.36942     +/-    7.110809     % 
   84.50074     +/-    7.187072     %    95.76935     +/-    7.913442     % 
   97.19157     +/-    7.724260     %    113.2968     +/-    6.597656     % 
   195.2377     +/-    4.811856     %    131.1196     +/-    6.912602     % 
   127.1169     +/-    6.395717     %    113.9788     +/-    7.736181     % 
   158.7186     +/-    7.202032     %    123.0736     +/-    6.934588     % 
   121.2685     +/-    6.454338     %    124.0905     +/-    7.765926     % 
   137.8476     +/-    7.130440     %    142.4555     +/-    6.940169     % 
   115.8145     +/-    6.898865     %    124.6284     +/-    8.043539     % 
   123.5148     +/-    8.057199     %    125.1040     +/-    7.423501     % 
   116.4643     +/-    8.642344     %    115.6797     +/-    9.518174     % 
   112.2143     +/-    8.833244     %    96.65688     +/-    9.246615     % 
   108.8250     +/-    11.63784     %    106.8849     +/-    8.586189     % 
   94.87896     +/-    11.66414     %    71.88792     +/-    10.77888     % 
   75.52757     +/-    11.13630     %    54.11795     +/-    10.52308     % 
   53.04673     +/-    13.42035     %    37.44167     +/-    12.94493     % 
   42.97962     +/-    14.29640     %    38.49972     +/-    16.06864     % 
   17.93996     +/-    10.87336     %    27.42648     +/-    23.21651     % 
   16.62153     +/-    13.94250     %    27.32326     +/-    23.40224     % 
   22.81605     +/-    18.17424     %    12.02526     +/-    19.30539     % 
   10.91698     +/-    15.89427     %    8.192209     +/-    24.59114     % 
   9.532995     +/-    23.14815     %    10.81068     +/-    22.70441     % 
   8.522818     +/-    20.51542     %    6.044439     +/-    20.98564     % 


  **** Cumulative Fluxes as a function of energy **** ****      (integrated over solid angle)        ****


  Energy boundaries (GeV):


  6.4908857E-03  6.2255966E-03  5.9711491E-03  5.7271011E-03  5.4930281E-03
  5.2685221E-03  5.0531914E-03  4.8466618E-03  4.6485728E-03  4.4585806E-03
  4.2763534E-03  4.1015744E-03  3.9339378E-03  3.7731533E-03  3.6189402E-03
  3.4710304E-03  3.3291653E-03  3.1930986E-03  3.0625926E-03  2.9374212E-03
  2.8173653E-03  2.7022166E-03  2.5917736E-03  2.4858450E-03  2.3842456E-03
  2.2867990E-03  2.1933350E-03  2.1036908E-03  2.0177104E-03  1.9352445E-03
  1.8561487E-03  1.7802857E-03  1.7075235E-03  1.6377352E-03  1.5707990E-03
  1.5065987E-03  1.4450223E-03  1.3859626E-03  1.3293166E-03  1.2749861E-03
  1.2228759E-03  1.1728955E-03  1.1249580E-03  1.0789797E-03  1.0348805E-03
  9.9258381E-04  9.5201575E-04  9.1310585E-04  8.7578606E-04  8.3999184E-04
  8.0566033E-04  7.7273208E-04  7.4114965E-04  7.1085803E-04  6.8180443E-04
  6.5393833E-04  6.2721106E-04  6.0157629E-04  5.7698914E-04  5.5340701E-04
  5.3078862E-04  5.0909468E-04  4.8828736E-04  4.6833052E-04  4.4918931E-04
  4.3083046E-04  4.1322192E-04  3.9633305E-04  3.8013447E-04  3.6459797E-04
  3.4969641E-04  3.3540392E-04  3.2169558E-04  3.0854755E-04  2.9593683E-04
  2.8384157E-04  2.7224064E-04  2.6111386E-04  2.5044184E-04  2.4020599E-04
  2.3038850E-04  2.2097227E-04  2.1194086E-04  2.0327861E-04  1.9497037E-04
  1.8700173E-04  1.7935874E-04  1.7202814E-04  1.6499715E-04  1.5825355E-04
  1.5178554E-04  1.4558190E-04  1.3963180E-04  1.3392488E-04  1.2845121E-04
  1.2320127E-04  1.1816590E-04  1.1333632E-04  1.0870414E-04  1.0426128E-04
  Lowest boundary   (GeV):  9.9999997E-05

  Cumul. Flux (Part/cmq/pr):

   0.000000     +/-    0.000000     %    0.000000     +/-    0.000000     % 
  2.7529051E-04 +/-    25.24450     %   7.0752751E-04 +/-    13.23333     % 
  1.2316095E-03 +/-    9.076024     %   1.8509601E-03 +/-    8.040047     % 
  2.3233655E-03 +/-    6.478595     %   2.9450031E-03 +/-    5.893781     % 
  3.8781262E-03 +/-    5.309619     %   4.9379407E-03 +/-    5.177512     % 
  5.9394562E-03 +/-    4.801505     %   7.0877536E-03 +/-    4.416484     % 
  8.1231175E-03 +/-    4.137465     %   9.3039833E-03 +/-    3.918373     % 
  1.0566982E-02 +/-    3.699334     %   1.1760484E-02 +/-    3.503290     % 
  1.2930214E-02 +/-    3.247583     %   1.4322100E-02 +/-    3.014460     % 
  1.5693380E-02 +/-    2.861530     %   1.7043851E-02 +/-    2.641310     % 
  1.8884117E-02 +/-    2.548609     %   2.0435506E-02 +/-    2.548281     % 
  2.1970507E-02 +/-    2.431599     %   2.3490483E-02 +/-    2.304336     % 
  2.5393177E-02 +/-    2.161194     %   2.7162338E-02 +/-    2.081588     % 
  2.9121231E-02 +/-    2.040972     %   3.1443860E-02 +/-    1.880141     % 
  3.3004157E-02 +/-    1.827517     %   3.4854542E-02 +/-    1.729777     % 
  3.6618423E-02 +/-    1.618417     %   3.8546011E-02 +/-    1.537159     % 
  4.0568322E-02 +/-    1.556244     %   4.2813625E-02 +/-    1.496025     % 
  4.5227654E-02 +/-    1.540539     %   4.7253095E-02 +/-    1.554016     % 
  4.9218237E-02 +/-    1.557960     %   5.1512554E-02 +/-    1.532417     % 
  5.3632651E-02 +/-    1.456723     %   5.5706184E-02 +/-    1.437587     % 
  5.8115907E-02 +/-    1.385086     %   6.0263865E-02 +/-    1.351950     % 
  6.2476989E-02 +/-    1.393698     %   6.4767875E-02 +/-    1.367318     % 
  6.7134187E-02 +/-    1.347213     %   6.9449052E-02 +/-    1.296937     % 
  7.1725227E-02 +/-    1.326227     %   7.3947869E-02 +/-    1.333901     % 
  7.6624796E-02 +/-    1.324291     %   7.9274766E-02 +/-    1.292756     % 
  8.1775680E-02 +/-    1.235708     %   8.4294908E-02 +/-    1.248787     % 
  8.6769469E-02 +/-    1.218768     %   8.9171730E-02 +/-    1.198539     % 
  9.1694824E-02 +/-    1.190396     %   9.4136879E-02 +/-    1.170590     % 
  9.6303038E-02 +/-    1.145301     %   9.8657735E-02 +/-    1.095748     % 
  0.1009497     +/-    1.084624     %   0.1035123     +/-    1.055086     % 
  0.1077478     +/-    1.043542     %   0.1104760     +/-    1.038134     % 
  0.1130129     +/-    1.010521     %   0.1151946     +/-    1.005652     % 
  0.1181085     +/-    1.003908     %   0.1202756     +/-    1.000538     % 
  0.1223237     +/-   0.9880393     %   0.1243338     +/-    1.004691     % 
  0.1264755     +/-   0.9834552     %   0.1285983     +/-   0.9670631     % 
  0.1302535     +/-   0.9600352     %   0.1319620     +/-   0.9597759     % 
  0.1335860     +/-   0.9760982     %   0.1351636     +/-   0.9597939     % 
  0.1365723     +/-   0.9574429     %   0.1379143     +/-   0.9645270     % 
  0.1391629     +/-   0.9616410     %   0.1401944     +/-   0.9595146     % 
  0.1413083     +/-   0.9559947     %   0.1423576     +/-   0.9629403     % 
  0.1432510     +/-   0.9601570     %   0.1439003     +/-   0.9628649     % 
  0.1445545     +/-   0.9526977     %   0.1450042     +/-   0.9514106     % 
  0.1454269     +/-   0.9448888     %   0.1457130     +/-   0.9396999     % 
  0.1460281     +/-   0.9426183     %   0.1462988     +/-   0.9374041     % 
  0.1464198     +/-   0.9370202     %   0.1465972     +/-   0.9342223     % 
  0.1467003     +/-   0.9334322     %   0.1468629     +/-   0.9330614     % 
  0.1469931     +/-   0.9327477     %   0.1470589     +/-   0.9316242     % 
  0.1471162     +/-   0.9314020     %   0.1471575     +/-   0.9313082     % 
  0.1472035     +/-   0.9314713     %   0.1472536     +/-   0.9313453     % 
  0.1472914     +/-   0.9304383     %   0.1473172     +/-   0.9300355     % 
