 # Detector n:            1   airin     
 # N. of energy intervals         100
  9.9999997E-05  1.0426128E-04   6.044439       20.98564    
  1.0426128E-04  1.0870414E-04   8.522818       20.51542    
  1.0870414E-04  1.1333632E-04   10.81068       22.70441    
  1.1333632E-04  1.1816590E-04   9.532995       23.14815    
  1.1816590E-04  1.2320127E-04   8.192209       24.59114    
  1.2320127E-04  1.2845121E-04   10.91698       15.89427    
  1.2845121E-04  1.3392488E-04   12.02526       19.30539    
  1.3392488E-04  1.3963180E-04   22.81605       18.17424    
  1.3963180E-04  1.4558190E-04   27.32326       23.40224    
  1.4558190E-04  1.5178554E-04   16.62153       13.94250    
  1.5178554E-04  1.5825355E-04   27.42648       23.21651    
  1.5825355E-04  1.6499715E-04   17.93996       10.87336    
  1.6499715E-04  1.7202814E-04   38.49972       16.06864    
  1.7202814E-04  1.7935874E-04   42.97962       14.29640    
  1.7935874E-04  1.8700173E-04   37.44167       12.94493    
  1.8700173E-04  1.9497037E-04   53.04673       13.42035    
  1.9497037E-04  2.0327861E-04   54.11795       10.52308    
  2.0327861E-04  2.1194086E-04   75.52757       11.13630    
  2.1194086E-04  2.2097227E-04   71.88792       10.77888    
  2.2097227E-04  2.3038850E-04   94.87896       11.66414    
  2.3038850E-04  2.4020599E-04   106.8849       8.586189    
  2.4020599E-04  2.5044184E-04   108.8250       11.63784    
  2.5044184E-04  2.6111386E-04   96.65688       9.246615    
  2.6111386E-04  2.7224064E-04   112.2143       8.833244    
  2.7224064E-04  2.8384157E-04   115.6797       9.518174    
  2.8384157E-04  2.9593683E-04   116.4643       8.642344    
  2.9593683E-04  3.0854755E-04   125.1040       7.423501    
  3.0854755E-04  3.2169558E-04   123.5148       8.057199    
  3.2169558E-04  3.3540392E-04   124.6284       8.043539    
  3.3540392E-04  3.4969641E-04   115.8145       6.898865    
  3.4969641E-04  3.6459797E-04   142.4555       6.940169    
  3.6459797E-04  3.8013447E-04   137.8476       7.130440    
  3.8013447E-04  3.9633305E-04   124.0905       7.765926    
  3.9633305E-04  4.1322192E-04   121.2685       6.454338    
  4.1322192E-04  4.3083046E-04   123.0736       6.934588    
  4.3083046E-04  4.4918931E-04   158.7186       7.202032    
  4.4918931E-04  4.6833052E-04   113.9788       7.736181    
  4.6833052E-04  4.8828736E-04   127.1169       6.395717    
  4.8828736E-04  5.0909468E-04   131.1196       6.912602    
  5.0909468E-04  5.3078862E-04   195.2377       4.811856    
  5.3078862E-04  5.5340701E-04   113.2968       6.597656    
  5.5340701E-04  5.7698914E-04   97.19157       7.724260    
  5.7698914E-04  6.0157629E-04   95.76935       7.913442    
  6.0157629E-04  6.2721106E-04   84.50074       7.187072    
  6.2721106E-04  6.5393833E-04   91.36942       7.110809    
  6.5393833E-04  6.8180443E-04   90.54351       7.445433    
  6.8180443E-04  7.1085803E-04   82.68369       7.280499    
  7.1085803E-04  7.4114965E-04   81.69140       6.634093    
  7.4114965E-04  7.7273208E-04   79.76680       7.091518    
  7.7273208E-04  8.0566033E-04   75.95028       7.555925    
  8.0566033E-04  8.3999184E-04   77.18767       7.498604    
  8.3999184E-04  8.7578606E-04   74.78664       7.108744    
  8.7578606E-04  9.1310585E-04   59.55659       7.026536    
  9.1310585E-04  9.5201575E-04   58.49874       7.216395    
  9.5201575E-04  9.9258381E-04   57.06131       7.642284    
  9.9258381E-04  1.0348805E-03   55.94546       7.015658    
  1.0348805E-03  1.0789797E-03   51.94852       6.705742    
  1.0789797E-03  1.1249580E-03   48.13400       7.975348    
  1.1249580E-03  1.1728955E-03   44.80751       6.869091    
  1.1728955E-03  1.2228759E-03   48.21339       6.692115    
  1.2228759E-03  1.2749861E-03   39.79132       7.200861    
  1.2749861E-03  1.3293166E-03   39.02218       8.658524    
  1.3293166E-03  1.3859626E-03   40.50275       7.921527    
  1.3859626E-03  1.4450223E-03   33.27381       8.850874    
  1.4450223E-03  1.5065987E-03   32.89313       6.950982    
  1.5065987E-03  1.5707990E-03   37.60152       9.127707    
  1.5707990E-03  1.6377352E-03   33.54393       8.098758    
  1.6377352E-03  1.7075235E-03   28.97781       7.537524    
  1.7075235E-03  1.7802857E-03   26.49161       8.207048    
  1.7802857E-03  1.8561487E-03   23.25088       8.230932    
  1.8561487E-03  1.9352445E-03   23.39419       7.979010    
  1.9352445E-03  2.0177104E-03   18.92055       9.132808    
  2.0177104E-03  2.1036908E-03   27.01347       7.849239    
  2.1036908E-03  2.1933350E-03   21.85187       7.930669    
  2.1933350E-03  2.2867990E-03   18.92878       7.783641    
  2.2867990E-03  2.3842456E-03   19.52551       7.925169    
  2.3842456E-03  2.4858450E-03   14.96048       8.811320    
  2.4858450E-03  2.5917736E-03   14.49089       8.478959    
  2.5917736E-03  2.7022166E-03   14.04697       9.959665    
  2.7022166E-03  2.8173653E-03   15.98165       9.432148    
  2.8173653E-03  2.9374212E-03   11.24869       11.15268    
  2.9374212E-03  3.0625926E-03   10.95521       10.35412    
  3.0625926E-03  3.1930986E-03   10.66531       10.77168    
  3.1930986E-03  3.3291653E-03   8.596736       10.83831    
  3.3291653E-03  3.4710304E-03   8.412938       11.86586    
  3.4710304E-03  3.6189402E-03   8.538976       10.56936    
  3.6189402E-03  3.7731533E-03   7.657366       11.28811    
  3.7731533E-03  3.9339378E-03   6.439452       12.64436    
  3.9339378E-03  4.1015744E-03   6.849920       10.77046    
  4.1015744E-03  4.2763534E-03   5.730180       13.00065    
  4.2763534E-03  4.4585806E-03   5.815897       13.16790    
  4.4585806E-03  4.6485728E-03   4.911377       11.92478    
  4.6485728E-03  4.8466618E-03   3.138172       12.73316    
  4.8466618E-03  5.0531914E-03   2.287350       12.30267    
  5.0531914E-03  5.2685221E-03   2.876277       14.99290    
  5.2685221E-03  5.4930281E-03   2.334379       16.80697    
  5.4930281E-03  5.7271011E-03   1.846590       17.85344    
  5.7271011E-03  5.9711491E-03   1.128018       25.24450    
  5.9711491E-03  6.2255966E-03   0.000000       0.000000    
  6.2255966E-03  6.4908857E-03   0.000000       0.000000    
