  **** 5 k/5k_R1_60mm_27.trk ****


  Total primaries run:          400000

    Total weight of the primaries run:   400000.000    


  Detector n:            1   airout    
     (Volume:          1.00000000      cmc,
      distr. scored:           7    ,
      from reg.          11  )

     Tot. response (p/cmq/pr)  7.1451150E-02  +/-   2.789569     %
     ( --> Track l. (cm/pr)      7.1451150E-02  +/-   2.789569     % )

  **** Different. Fluxes as a function of energy **** ****      (integrated over solid angle)        ****


  Energy boundaries (GeV):

  6.4908857E-03  6.2255966E-03  5.9711491E-03  5.7271011E-03  5.4930281E-03
  5.2685221E-03  5.0531914E-03  4.8466618E-03  4.6485728E-03  4.4585806E-03
  4.2763534E-03  4.1015744E-03  3.9339378E-03  3.7731533E-03  3.6189402E-03
  3.4710304E-03  3.3291653E-03  3.1930986E-03  3.0625926E-03  2.9374212E-03
  2.8173653E-03  2.7022166E-03  2.5917736E-03  2.4858450E-03  2.3842456E-03
  2.2867990E-03  2.1933350E-03  2.1036908E-03  2.0177104E-03  1.9352445E-03
  1.8561487E-03  1.7802857E-03  1.7075235E-03  1.6377352E-03  1.5707990E-03
  1.5065987E-03  1.4450223E-03  1.3859626E-03  1.3293166E-03  1.2749861E-03
  1.2228759E-03  1.1728955E-03  1.1249580E-03  1.0789797E-03  1.0348805E-03
  9.9258381E-04  9.5201575E-04  9.1310585E-04  8.7578606E-04  8.3999184E-04
  8.0566033E-04  7.7273208E-04  7.4114965E-04  7.1085803E-04  6.8180443E-04
  6.5393833E-04  6.2721106E-04  6.0157629E-04  5.7698914E-04  5.5340701E-04
  5.3078862E-04  5.0909468E-04  4.8828736E-04  4.6833052E-04  4.4918931E-04
  4.3083046E-04  4.1322192E-04  3.9633305E-04  3.8013447E-04  3.6459797E-04
  3.4969641E-04  3.3540392E-04  3.2169558E-04  3.0854755E-04  2.9593683E-04
  2.8384157E-04  2.7224064E-04  2.6111386E-04  2.5044184E-04  2.4020599E-04
  2.3038850E-04  2.2097227E-04  2.1194086E-04  2.0327861E-04  1.9497037E-04
  1.8700173E-04  1.7935874E-04  1.7202814E-04  1.6499715E-04  1.5825355E-04
  1.5178554E-04  1.4558190E-04  1.3963180E-04  1.3392488E-04  1.2845121E-04
  1.2320127E-04  1.1816590E-04  1.1333632E-04  1.0870414E-04  1.0426128E-04
  Lowest boundary   (GeV):  9.9999997E-05

  Flux (Part/GeV/cmq/pr):

   0.000000     +/-    0.000000     %    0.000000     +/-    0.000000     % 
   1.215032     +/-    40.60879     %   0.4915262     +/-    60.71630     % 
   1.107500     +/-    44.74229     %    2.991709     +/-    29.83904     % 
   1.059430     +/-    47.08959     %    1.247419     +/-    46.83096     % 
   2.734020     +/-    32.34132     %    5.410682     +/-    23.69311     % 
   4.307278     +/-    26.54591     %    5.831503     +/-    22.47754     % 
   3.609091     +/-    33.92273     %    3.943056     +/-    26.66317     % 
   4.313463     +/-    29.82291     %    4.272584     +/-    36.09418     % 
   4.745359     +/-    27.15874     %    7.915118     +/-    23.74336     % 
   7.367854     +/-    25.36384     %    7.925785     +/-    25.52356     % 
   12.14177     +/-    18.97417     %    8.716146     +/-    24.14402     % 
   6.283507     +/-    24.76134     %    8.298055     +/-    23.97715     % 
   13.71651     +/-    16.90292     %    13.52367     +/-    19.48336     % 
   12.80636     +/-    19.56520     %    20.41372     +/-    18.02916     % 
   11.63836     +/-    20.06348     %    10.10009     +/-    24.72443     % 
   9.658812     +/-    24.89471     %    13.99661     +/-    21.81239     % 
   18.53798     +/-    20.87149     %    20.95205     +/-    18.27237     % 
   17.68308     +/-    28.06907     %    21.59661     +/-    19.31464     % 
   16.56656     +/-    28.43938     %    24.92092     +/-    20.30311     % 
   11.74147     +/-    27.57222     %    25.31193     +/-    21.77621     % 
   28.90473     +/-    19.42919     %    24.80496     +/-    19.98809     % 
   28.48305     +/-    21.34338     %    23.94803     +/-    19.46671     % 
   37.23604     +/-    18.17286     %    22.10293     +/-    25.31267     % 
   26.17296     +/-    22.61781     %    26.96748     +/-    22.00721     % 
   34.93529     +/-    18.86139     %    27.11917     +/-    27.72718     % 
   35.13933     +/-    18.61399     %    42.15848     +/-    20.15235     % 
   35.52240     +/-    24.76259     %    35.47552     +/-    22.88131     % 
   37.11717     +/-    21.02130     %    34.45383     +/-    24.76566     % 
   29.79616     +/-    26.54175     %    50.28524     +/-    19.58337     % 
   44.37711     +/-    23.62614     %    53.38530     +/-    21.09084     % 
   71.20951     +/-    18.82096     %    62.76045     +/-    19.61760     % 
   56.86908     +/-    22.28870     %    38.92705     +/-    27.98283     % 
   78.39803     +/-    20.75958     %    41.81446     +/-    22.24797     % 
   54.95675     +/-    22.36438     %    38.54671     +/-    28.51995     % 
   51.76782     +/-    26.18484     %    46.16828     +/-    29.27171     % 
   27.88896     +/-    32.35380     %    53.01346     +/-    25.91735     % 
   23.51809     +/-    38.95119     %    20.04966     +/-    44.17530     % 
   39.32652     +/-    30.99879     %    28.70283     +/-    39.80145     % 
   56.16064     +/-    26.90789     %    43.46384     +/-    32.78201     % 
   53.64112     +/-    29.52177     %    15.93217     +/-    53.01897     % 
   30.75324     +/-    40.85263     %    13.48686     +/-    42.54821     % 
   33.10984     +/-    37.14243     %    21.13799     +/-    54.32939     % 
   6.345698     +/-    44.79868     %    3.778162     +/-    55.84092     % 
   15.78975     +/-    61.07944     %    4.553563     +/-    51.21734     % 
  0.8849525     +/-    99.00000     %    1.669027     +/-    99.00000     % 
   5.841020     +/-    50.04417     %    5.901443     +/-    59.97380     % 
   4.496071     +/-    59.88420     %    3.152941     +/-    72.57121     % 
   1.887780     +/-    99.00000     %    5.619666     +/-    55.06998     % 
  0.8021221     +/-    99.00000     %    7.051820     +/-    56.08494     % 
   4.689778     +/-    70.85918     %    4.151152     +/-    71.02878     % 


  **** Cumulative Fluxes as a function of energy **** ****      (integrated over solid angle)        ****


  Energy boundaries (GeV):


  6.4908857E-03  6.2255966E-03  5.9711491E-03  5.7271011E-03  5.4930281E-03
  5.2685221E-03  5.0531914E-03  4.8466618E-03  4.6485728E-03  4.4585806E-03
  4.2763534E-03  4.1015744E-03  3.9339378E-03  3.7731533E-03  3.6189402E-03
  3.4710304E-03  3.3291653E-03  3.1930986E-03  3.0625926E-03  2.9374212E-03
  2.8173653E-03  2.7022166E-03  2.5917736E-03  2.4858450E-03  2.3842456E-03
  2.2867990E-03  2.1933350E-03  2.1036908E-03  2.0177104E-03  1.9352445E-03
  1.8561487E-03  1.7802857E-03  1.7075235E-03  1.6377352E-03  1.5707990E-03
  1.5065987E-03  1.4450223E-03  1.3859626E-03  1.3293166E-03  1.2749861E-03
  1.2228759E-03  1.1728955E-03  1.1249580E-03  1.0789797E-03  1.0348805E-03
  9.9258381E-04  9.5201575E-04  9.1310585E-04  8.7578606E-04  8.3999184E-04
  8.0566033E-04  7.7273208E-04  7.4114965E-04  7.1085803E-04  6.8180443E-04
  6.5393833E-04  6.2721106E-04  6.0157629E-04  5.7698914E-04  5.5340701E-04
  5.3078862E-04  5.0909468E-04  4.8828736E-04  4.6833052E-04  4.4918931E-04
  4.3083046E-04  4.1322192E-04  3.9633305E-04  3.8013447E-04  3.6459797E-04
  3.4969641E-04  3.3540392E-04  3.2169558E-04  3.0854755E-04  2.9593683E-04
  2.8384157E-04  2.7224064E-04  2.6111386E-04  2.5044184E-04  2.4020599E-04
  2.3038850E-04  2.2097227E-04  2.1194086E-04  2.0327861E-04  1.9497037E-04
  1.8700173E-04  1.7935874E-04  1.7202814E-04  1.6499715E-04  1.5825355E-04
  1.5178554E-04  1.4558190E-04  1.3963180E-04  1.3392488E-04  1.2845121E-04
  1.2320127E-04  1.1816590E-04  1.1333632E-04  1.0870414E-04  1.0426128E-04
  Lowest boundary   (GeV):  9.9999997E-05

  Cumul. Flux (Part/cmq/pr):

   0.000000     +/-    0.000000     %    0.000000     +/-    0.000000     % 
  2.9652609E-04 +/-    40.60879     %   4.1157915E-04 +/-    33.06140     % 
  6.6021952E-04 +/-    25.48091     %   1.3044262E-03 +/-    19.22533     % 
  1.5232299E-03 +/-    17.84949     %   1.7703299E-03 +/-    16.86359     % 
  2.2897720E-03 +/-    14.59806     %   3.2757458E-03 +/-    11.50607     % 
  4.0285676E-03 +/-    10.96687     %   5.0061410E-03 +/-    9.929450     % 
  5.5864267E-03 +/-    9.394913     %   6.1944975E-03 +/-    9.181937     % 
  6.8325014E-03 +/-    8.911321     %   7.4386317E-03 +/-    8.567100     % 
  8.0843177E-03 +/-    8.212198     %   9.1172876E-03 +/-    7.678846     % 
  1.0039533E-02 +/-    7.108958     %   1.0991069E-02 +/-    6.493143     % 
  1.2389178E-02 +/-    6.155523     %   1.3351815E-02 +/-    6.637966     % 
  1.4017418E-02 +/-    6.443125     %   1.4860496E-02 +/-    6.219982     % 
  1.6197123E-02 +/-    5.770573     %   1.7461099E-02 +/-    5.522525     % 
  1.8609116E-02 +/-    5.349152     %   2.0364296E-02 +/-    4.990073     % 
  2.1324063E-02 +/-    4.848283     %   2.2122936E-02 +/-    4.782328     % 
  2.2855682E-02 +/-    4.644957     %   2.3874108E-02 +/-    4.387576     % 
  2.5167841E-02 +/-    4.224655     %   2.6570292E-02 +/-    4.083977     % 
  2.7705552E-02 +/-    4.223387     %   2.9035393E-02 +/-    4.169275     % 
  3.0013809E-02 +/-    4.321461     %   3.1425480E-02 +/-    4.168924     % 
  3.2063399E-02 +/-    4.107080     %   3.3382408E-02 +/-    4.117310     % 
  3.4827076E-02 +/-    4.057920     %   3.6016162E-02 +/-    3.921249     % 
  3.7325766E-02 +/-    3.811072     %   3.8381856E-02 +/-    3.709646     % 
  3.9956819E-02 +/-    3.584611     %   4.0853493E-02 +/-    3.575867     % 
  4.1871879E-02 +/-    3.532296     %   4.2878300E-02 +/-    3.531264     % 
  4.4128779E-02 +/-    3.509376     %   4.5059822E-02 +/-    3.511692     % 
  4.6216898E-02 +/-    3.293681     %   4.7548365E-02 +/-    3.251565     % 
  4.8624396E-02 +/-    3.160419     %   4.9655087E-02 +/-    3.151777     % 
  5.0689399E-02 +/-    3.258820     %   5.1610257E-02 +/-    3.204036     % 
  5.2374072E-02 +/-    3.115641     %   5.3610444E-02 +/-    3.078721     % 
  5.4656953E-02 +/-    3.029739     %   5.5864442E-02 +/-    3.028710     % 
  5.7409257E-02 +/-    2.983832     %   5.8715131E-02 +/-    3.023577     % 
  5.9850059E-02 +/-    2.995081     %   6.0595170E-02 +/-    3.004301     % 
  6.2034469E-02 +/-    2.939736     %   6.2770762E-02 +/-    2.917907     % 
  6.3698918E-02 +/-    2.896844     %   6.4323321E-02 +/-    2.898639     % 
  6.5127611E-02 +/-    2.815147     %   6.5815590E-02 +/-    2.827905     % 
  6.6214189E-02 +/-    2.812600     %   6.6940919E-02 +/-    2.849012     % 
  6.7250133E-02 +/-    2.858948     %   6.7502975E-02 +/-    2.852389     % 
  6.7978643E-02 +/-    2.835470     %   6.8311617E-02 +/-    2.822915     % 
  6.8936504E-02 +/-    2.793196     %   6.9400355E-02 +/-    2.810909     % 
  6.9949418E-02 +/-    2.783343     %   7.0105828E-02 +/-    2.783301     % 
  7.0395410E-02 +/-    2.792289     %   7.0517212E-02 +/-    2.801841     % 
  7.0804022E-02 +/-    2.787529     %   7.0979640E-02 +/-    2.782561     % 
  7.1030207E-02 +/-    2.786547     %   7.1059085E-02 +/-    2.784807     % 
  7.1174830E-02 +/-    2.798855     %   7.1206845E-02 +/-    2.794400     % 
  7.1212813E-02 +/-    2.793134     %   7.1223609E-02 +/-    2.794986     % 
  7.1259849E-02 +/-    2.789402     %   7.1294963E-02 +/-    2.791002     % 
  7.1320616E-02 +/-    2.787567     %   7.1337879E-02 +/-    2.785212     % 
  7.1347788E-02 +/-    2.782734     %   7.1376085E-02 +/-    2.781553     % 
  7.1379960E-02 +/-    2.780988     %   7.1412623E-02 +/-    2.786610     % 
  7.1433462E-02 +/-    2.791235     %   7.1451150E-02 +/-    2.789569     % 
