 # Detector n:            1   airout    
 # N. of energy intervals         100
  9.9999997E-05  1.0426128E-04   3.297533       11.73422    
  1.0426128E-04  1.0870414E-04   3.781508       11.24179    
  1.0870414E-04  1.1333632E-04   4.483941       9.530123    
  1.1333632E-04  1.1816590E-04   4.195208       7.181530    
  1.1816590E-04  1.2320127E-04   3.806277       7.743489    
  1.2320127E-04  1.2845121E-04   4.345213       10.07516    
  1.2845121E-04  1.3392488E-04   4.136264       10.34103    
  1.3392488E-04  1.3963180E-04   4.243078       11.76900    
  1.3963180E-04  1.4558190E-04   5.120911       9.752435    
  1.4558190E-04  1.5178554E-04   5.878413       8.370532    
  1.5178554E-04  1.5825355E-04   4.865612       8.639544    
  1.5825355E-04  1.6499715E-04   6.773250       9.582739    
  1.6499715E-04  1.7202814E-04   8.415359       7.520614    
  1.7202814E-04  1.7935874E-04   10.34204       6.814199    
  1.7935874E-04  1.8700173E-04   10.63443       6.681105    
  1.8700173E-04  1.9497037E-04   13.55566       5.402912    
  1.9497037E-04  2.0327861E-04   16.11014       5.437890    
  2.0327861E-04  2.1194086E-04   17.91143       5.170609    
  2.1194086E-04  2.2097227E-04   21.77114       4.934016    
  2.2097227E-04  2.3038850E-04   23.70170       4.385004    
  2.3038850E-04  2.4020599E-04   24.57237       4.358333    
  2.4020599E-04  2.5044184E-04   29.90047       4.351060    
  2.5044184E-04  2.6111386E-04   33.13198       4.154921    
  2.6111386E-04  2.7224064E-04   32.54234       3.277558    
  2.7224064E-04  2.8384157E-04   36.56631       3.284973    
  2.8384157E-04  2.9593683E-04   40.38523       3.146894    
  2.9593683E-04  3.0854755E-04   39.18133       3.675214    
  3.0854755E-04  3.2169558E-04   43.24378       3.251239    
  3.2169558E-04  3.3540392E-04   42.93636       3.200034    
  3.3540392E-04  3.4969641E-04   44.05927       2.936166    
  3.4969641E-04  3.6459797E-04   45.23326       2.666332    
  3.6459797E-04  3.8013447E-04   46.67762       3.018543    
  3.8013447E-04  3.9633305E-04   46.50718       2.596351    
  3.9633305E-04  4.1322192E-04   49.05330       2.733533    
  4.1322192E-04  4.3083046E-04   46.80944       2.422775    
  4.3083046E-04  4.4918931E-04   47.26734       2.467779    
  4.4918931E-04  4.6833052E-04   47.40125       2.305275    
  4.6833052E-04  4.8828736E-04   47.09934       2.511772    
  4.8828736E-04  5.0909468E-04   45.05716       2.472970    
  5.0909468E-04  5.3078862E-04   68.32741       1.725921    
  5.3078862E-04  5.5340701E-04   42.23293       2.324236    
  5.5340701E-04  5.7698914E-04   42.25555       2.183927    
  5.7698914E-04  6.0157629E-04   42.02442       2.226508    
  6.0157629E-04  6.2721106E-04   40.40051       2.225683    
  6.2721106E-04  6.5393833E-04   39.63388       2.484803    
  6.5393833E-04  6.8180443E-04   39.34364       2.408540    
  6.8180443E-04  7.1085803E-04   37.86462       2.395647    
  7.1085803E-04  7.4114965E-04   37.05500       2.695306    
  7.4114965E-04  7.7273208E-04   37.77836       2.120176    
  7.7273208E-04  8.0566033E-04   35.44495       2.151675    
  8.0566033E-04  8.3999184E-04   32.61958       2.708649    
  8.3999184E-04  8.7578606E-04   34.77116       2.166025    
  8.7578606E-04  9.1310585E-04   30.47252       2.331620    
  9.1310585E-04  9.5201575E-04   30.66675       2.577378    
  9.5201575E-04  9.9258381E-04   29.45742       2.026202    
  9.9258381E-04  1.0348805E-03   29.36291       2.459570    
  1.0348805E-03  1.0789797E-03   27.58007       2.122976    
  1.0789797E-03  1.1249580E-03   27.34372       2.055091    
  1.1249580E-03  1.1728955E-03   26.27471       2.238929    
  1.1728955E-03  1.2228759E-03   25.32680       2.285318    
  1.2228759E-03  1.2749861E-03   23.79761       1.999597    
  1.2749861E-03  1.3293166E-03   22.13282       2.310360    
  1.3293166E-03  1.3859626E-03   22.42516       2.084148    
  1.3859626E-03  1.4450223E-03   20.64451       2.025291    
  1.4450223E-03  1.5065987E-03   20.01336       2.243532    
  1.5065987E-03  1.5707990E-03   19.93932       2.223822    
  1.5707990E-03  1.6377352E-03   17.57191       2.120217    
  1.6377352E-03  1.7075235E-03   17.25570       2.222148    
  1.7075235E-03  1.7802857E-03   16.25334       2.343626    
  1.7802857E-03  1.8561487E-03   15.24471       2.185479    
  1.8561487E-03  1.9352445E-03   14.73813       2.248796    
  1.9352445E-03  2.0177104E-03   13.84992       2.202147    
  2.0177104E-03  2.1036908E-03   13.47927       2.408872    
  2.1036908E-03  2.1933350E-03   12.32991       2.157835    
  2.1933350E-03  2.2867990E-03   11.94337       2.173569    
  2.2867990E-03  2.3842456E-03   10.99801       2.154983    
  2.3842456E-03  2.4858450E-03   10.54883       2.062041    
  2.4858450E-03  2.5917736E-03   9.651348       2.451452    
  2.5917736E-03  2.7022166E-03   9.299238       2.790565    
  2.7022166E-03  2.8173653E-03   8.697083       2.251262    
  2.8173653E-03  2.9374212E-03   8.068761       2.485155    
  2.9374212E-03  3.0625926E-03   7.667251       2.277080    
  3.0625926E-03  3.1930986E-03   7.303399       2.414328    
  3.1930986E-03  3.3291653E-03   6.363355       2.753620    
  3.3291653E-03  3.4710304E-03   5.879792       2.358478    
  3.4710304E-03  3.6189402E-03   5.485109       2.546121    
  3.6189402E-03  3.7731533E-03   4.942908       2.380630    
  3.7731533E-03  3.9339378E-03   4.626383       2.917795    
  3.9339378E-03  4.1015744E-03   4.199980       3.064745    
  4.1015744E-03  4.2763534E-03   3.707037       2.634051    
  4.2763534E-03  4.4585806E-03   3.372457       2.912176    
  4.4585806E-03  4.6485728E-03   3.021495       2.847658    
  4.6485728E-03  4.8466618E-03   2.681440       3.250873    
  4.8466618E-03  5.0531914E-03   2.475723       3.554568    
  5.0531914E-03  5.2685221E-03   1.960070       3.410724    
  5.2685221E-03  5.4930281E-03   1.583556       4.159462    
  5.4930281E-03  5.7271011E-03   1.090760       4.892875    
  5.7271011E-03  5.9711491E-03  0.7505226       5.437716    
  5.9711491E-03  6.2255966E-03  2.3891959E-02   30.21500    
  6.2255966E-03  6.4908857E-03   0.000000       0.000000    
