 # Detector n:            1   flux      
 # N. of energy intervals         100
  9.9999997E-05  1.0417932E-04   54871.77      0.1518102    
  1.0417932E-04  1.0853331E-04   53755.52      0.1661076    
  1.0853331E-04  1.1306927E-04   52196.50      0.1412234    
  1.1306927E-04  1.1779480E-04   50738.79      0.1545819    
  1.1779480E-04  1.2271781E-04   49002.78      0.1575995    
  1.2271781E-04  1.2784659E-04   47206.34      0.1563430    
  1.2784659E-04  1.3318972E-04   45788.79      0.1286877    
  1.3318972E-04  1.3875614E-04   44280.09      0.1481428    
  1.3875614E-04  1.4455520E-04   42926.81      0.1715784    
  1.4455520E-04  1.5059664E-04   41660.41      0.1414236    
  1.5059664E-04  1.5689056E-04   40335.11      0.1447383    
  1.5689056E-04  1.6344752E-04   39197.48      0.1568923    
  1.6344752E-04  1.7027851E-04   38556.29      0.1446477    
  1.7027851E-04  1.7739501E-04   39173.42      0.1263190    
  1.7739501E-04  1.8480893E-04   38151.67      0.1360415    
  1.8480893E-04  1.9253267E-04   36950.93      0.1306478    
  1.9253267E-04  2.0057923E-04   35940.05      0.1620426    
  2.0057923E-04  2.0896208E-04   35118.59      0.1520479    
  2.0896208E-04  2.1769528E-04   34402.17      0.1398085    
  2.1769528E-04  2.2679348E-04   33874.86      0.1567389    
  2.2679348E-04  2.3627190E-04   33468.59      0.1512131    
  2.3627190E-04  2.4614646E-04   35894.73      0.1397987    
  2.4614646E-04  2.5643370E-04   46521.41      0.1242154    
  2.5643370E-04  2.6715090E-04   42401.51      0.1367314    
  2.6715090E-04  2.7831600E-04   37636.05      0.1332420    
  2.7831600E-04  2.8994775E-04   34076.50      0.1179514    
  2.8994775E-04  3.0206557E-04   31201.89      0.1246327    
  3.0206557E-04  3.1468985E-04   28876.54      0.1258972    
  3.1468985E-04  3.2784176E-04   26781.18      0.1320361    
  3.2784176E-04  3.4154335E-04   24956.02      0.1432318    
  3.4154335E-04  3.5581758E-04   23452.00      0.1325177    
  3.5581758E-04  3.7068830E-04   22072.72      0.1351655    
  3.7068830E-04  3.8618053E-04   20845.24      0.1085746    
  3.8618053E-04  4.0232029E-04   19750.38      0.1128262    
  4.0232029E-04  4.1913457E-04   18823.40      0.1301247    
  4.1913457E-04  4.3665149E-04   17969.50      0.1291280    
  4.3665149E-04  4.5490058E-04   17196.52      0.1274529    
  4.5490058E-04  4.7391237E-04   16488.05      0.1334272    
  4.7391237E-04  4.9371872E-04   15969.54      0.1293061    
  4.9371872E-04  5.1435281E-04   102657.1      6.3463464E-02
  5.1435281E-04  5.3584925E-04   8991.521      0.1458634    
  5.3584925E-04  5.5824412E-04   8539.841      0.1424774    
  5.5824412E-04  5.8157492E-04   8145.691      0.1486667    
  5.8157492E-04  6.0588081E-04   7734.739      0.1478442    
  6.0588081E-04  6.3120248E-04   7366.237      0.1446057    
  6.3120248E-04  6.5758248E-04   7014.340      0.1518358    
  6.5758248E-04  6.8506505E-04   6680.843      0.1491437    
  6.8506505E-04  7.1369600E-04   6346.276      0.1601781    
  7.1369600E-04  7.4352371E-04   6041.831      0.1539816    
  7.4352371E-04  7.7459798E-04   5736.060      0.1540682    
  7.7459798E-04  8.0697093E-04   5461.860      0.1773489    
  8.0697093E-04  8.4069691E-04   5159.876      0.1456288    
  8.4069691E-04  8.7583222E-04   4918.603      0.1737706    
  8.7583222E-04  9.1243611E-04   4664.586      0.1620317    
  9.1243611E-04  9.5056981E-04   4416.096      0.1536485    
  9.5056981E-04  9.9029706E-04   4192.786      0.1764648    
  9.9029706E-04  1.0316848E-03   3958.836      0.1614096    
  1.0316848E-03  1.0748024E-03   3742.716      0.1640912    
  1.0748024E-03  1.1197218E-03   3520.974      0.1641431    
  1.1197218E-03  1.1665184E-03   3334.327      0.1746039    
  1.1665184E-03  1.2152710E-03   3136.147      0.1542391    
  1.2152710E-03  1.2660612E-03   2955.761      0.1473283    
  1.2660612E-03  1.3189741E-03   2778.857      0.1666121    
  1.3189741E-03  1.3740981E-03   2603.611      0.1762747    
  1.3740981E-03  1.4315260E-03   2441.683      0.1776423    
  1.4315260E-03  1.4913542E-03   2296.388      0.1575505    
  1.4913542E-03  1.5536827E-03   2146.939      0.1815196    
  1.5536827E-03  1.6186161E-03   2013.675      0.1818120    
  1.6186161E-03  1.6862632E-03   1884.228      0.1653631    
  1.6862632E-03  1.7567377E-03   1763.368      0.1711688    
  1.7567377E-03  1.8301575E-03   1652.925      0.1789380    
  1.8301575E-03  1.9066455E-03   1544.735      0.1995612    
  1.9066455E-03  1.9863304E-03   1447.318      0.1696773    
  1.9863304E-03  2.0693457E-03   1347.920      0.1790164    
  2.0693457E-03  2.1558302E-03   1261.886      0.1487353    
  2.1558302E-03  2.2459293E-03   1179.789      0.1663114    
  2.2459293E-03  2.3397936E-03   1100.343      0.1774688    
  2.3397936E-03  2.4375813E-03   1032.298      0.1732537    
  2.4375813E-03  2.5394559E-03   963.8615      0.1711322    
  2.5394559E-03  2.6455875E-03   903.5110      0.1667061    
  2.6455875E-03  2.7561556E-03   849.3629      0.1972678    
  2.7561556E-03  2.8713439E-03   799.0385      0.1645735    
  2.8713439E-03  2.9913466E-03   749.5095      0.1817048    
  2.9913466E-03  3.1163648E-03   707.5289      0.1428510    
  3.1163648E-03  3.2466080E-03   669.2358      0.1693051    
  3.2466080E-03  3.3822940E-03   636.8982      0.1697903    
  3.3822940E-03  3.5236510E-03   606.8297      0.2042371    
  3.5236510E-03  3.6709155E-03   580.9773      0.1566299    
  3.6709155E-03  3.8243346E-03   561.1586      0.1711414    
  3.8243346E-03  3.9841668E-03   542.9749      0.1651736    
  3.9841668E-03  4.1506775E-03   529.0226      0.1610195    
  4.1506775E-03  4.3241475E-03   517.4042      0.1679547    
  4.3241475E-03  4.5048674E-03   509.5001      0.1873465    
  4.5048674E-03  4.6931403E-03   503.8117      0.1602178    
  4.6931403E-03  4.8892824E-03   495.8028      0.1451822    
  4.8892824E-03  5.0936206E-03   492.7376      0.1449406    
  5.0936206E-03  5.3064995E-03   486.6974      0.1469175    
  5.3064995E-03  5.5282754E-03   483.8310      0.1349918    
  5.5282754E-03  5.7593198E-03   481.0928      0.1321033    
  5.7593198E-03  6.0000201E-03   356071.7      1.0032511E-03
