  **** 1 M/1M_r1_24.trk ****


  Total primaries run:        80000000

    Total weight of the primaries run:   80000000.0    


  Detector n:            1   flux      
     (Volume:          1.00000000      cmc,
      distr. scored:           7    ,
      from reg.           4  )

     Tot. response (p/cmq/pr)   107.5526      +/-  2.1888728E-03 %
     ( --> Track l. (cm/pr)       107.5526      +/-  2.1888728E-03 % )

  **** Different. Fluxes as a function of energy **** ****      (integrated over solid angle)        ****


  Energy boundaries (GeV):

  6.0000201E-03  5.7593198E-03  5.5282754E-03  5.3064995E-03  5.0936206E-03
  4.8892824E-03  4.6931403E-03  4.5048674E-03  4.3241475E-03  4.1506775E-03
  3.9841668E-03  3.8243346E-03  3.6709155E-03  3.5236510E-03  3.3822940E-03
  3.2466080E-03  3.1163648E-03  2.9913466E-03  2.8713439E-03  2.7561556E-03
  2.6455875E-03  2.5394559E-03  2.4375813E-03  2.3397936E-03  2.2459293E-03
  2.1558302E-03  2.0693457E-03  1.9863304E-03  1.9066455E-03  1.8301575E-03
  1.7567377E-03  1.6862632E-03  1.6186161E-03  1.5536827E-03  1.4913542E-03
  1.4315260E-03  1.3740981E-03  1.3189741E-03  1.2660612E-03  1.2152710E-03
  1.1665184E-03  1.1197218E-03  1.0748024E-03  1.0316848E-03  9.9029706E-04
  9.5056981E-04  9.1243611E-04  8.7583222E-04  8.4069691E-04  8.0697093E-04
  7.7459798E-04  7.4352371E-04  7.1369600E-04  6.8506505E-04  6.5758248E-04
  6.3120248E-04  6.0588081E-04  5.8157492E-04  5.5824412E-04  5.3584925E-04
  5.1435281E-04  4.9371872E-04  4.7391237E-04  4.5490058E-04  4.3665149E-04
  4.1913457E-04  4.0232029E-04  3.8618053E-04  3.7068830E-04  3.5581758E-04
  3.4154335E-04  3.2784176E-04  3.1468985E-04  3.0206557E-04  2.8994775E-04
  2.7831600E-04  2.6715090E-04  2.5643370E-04  2.4614646E-04  2.3627190E-04
  2.2679348E-04  2.1769528E-04  2.0896208E-04  2.0057923E-04  1.9253267E-04
  1.8480893E-04  1.7739501E-04  1.7027851E-04  1.6344752E-04  1.5689056E-04
  1.5059664E-04  1.4455520E-04  1.3875614E-04  1.3318972E-04  1.2784659E-04
  1.2271781E-04  1.1779480E-04  1.1306927E-04  1.0853331E-04  1.0417932E-04
  Lowest boundary   (GeV):  9.9999997E-05

  Flux (Part/GeV/cmq/pr):

   356071.7     +/-   1.0032511E-03 %    481.0928     +/-   0.1321033     % 
   483.8310     +/-   0.1349918     %    486.6974     +/-   0.1469175     % 
   492.7376     +/-   0.1449406     %    495.8028     +/-   0.1451822     % 
   503.8117     +/-   0.1602178     %    509.5001     +/-   0.1873465     % 
   517.4042     +/-   0.1679547     %    529.0226     +/-   0.1610195     % 
   542.9749     +/-   0.1651736     %    561.1586     +/-   0.1711414     % 
   580.9773     +/-   0.1566299     %    606.8297     +/-   0.2042371     % 
   636.8982     +/-   0.1697903     %    669.2358     +/-   0.1693051     % 
   707.5289     +/-   0.1428510     %    749.5095     +/-   0.1817048     % 
   799.0385     +/-   0.1645735     %    849.3629     +/-   0.1972678     % 
   903.5110     +/-   0.1667061     %    963.8615     +/-   0.1711322     % 
   1032.298     +/-   0.1732537     %    1100.343     +/-   0.1774688     % 
   1179.789     +/-   0.1663114     %    1261.886     +/-   0.1487353     % 
   1347.920     +/-   0.1790164     %    1447.318     +/-   0.1696773     % 
   1544.735     +/-   0.1995612     %    1652.925     +/-   0.1789380     % 
   1763.368     +/-   0.1711688     %    1884.228     +/-   0.1653631     % 
   2013.675     +/-   0.1818120     %    2146.939     +/-   0.1815196     % 
   2296.388     +/-   0.1575505     %    2441.683     +/-   0.1776423     % 
   2603.611     +/-   0.1762747     %    2778.857     +/-   0.1666121     % 
   2955.761     +/-   0.1473283     %    3136.147     +/-   0.1542391     % 
   3334.327     +/-   0.1746039     %    3520.974     +/-   0.1641431     % 
   3742.716     +/-   0.1640912     %    3958.836     +/-   0.1614096     % 
   4192.786     +/-   0.1764648     %    4416.096     +/-   0.1536485     % 
   4664.586     +/-   0.1620317     %    4918.603     +/-   0.1737706     % 
   5159.876     +/-   0.1456288     %    5461.860     +/-   0.1773489     % 
   5736.060     +/-   0.1540682     %    6041.831     +/-   0.1539816     % 
   6346.276     +/-   0.1601781     %    6680.843     +/-   0.1491437     % 
   7014.340     +/-   0.1518358     %    7366.237     +/-   0.1446057     % 
   7734.739     +/-   0.1478442     %    8145.691     +/-   0.1486667     % 
   8539.841     +/-   0.1424774     %    8991.521     +/-   0.1458634     % 
   102657.1     +/-   6.3463464E-02 %    15969.54     +/-   0.1293061     % 
   16488.05     +/-   0.1334272     %    17196.52     +/-   0.1274529     % 
   17969.50     +/-   0.1291280     %    18823.40     +/-   0.1301247     % 
   19750.38     +/-   0.1128262     %    20845.24     +/-   0.1085746     % 
   22072.72     +/-   0.1351655     %    23452.00     +/-   0.1325177     % 
   24956.02     +/-   0.1432318     %    26781.18     +/-   0.1320361     % 
   28876.54     +/-   0.1258972     %    31201.89     +/-   0.1246327     % 
   34076.50     +/-   0.1179514     %    37636.05     +/-   0.1332420     % 
   42401.51     +/-   0.1367314     %    46521.41     +/-   0.1242154     % 
   35894.73     +/-   0.1397987     %    33468.59     +/-   0.1512131     % 
   33874.86     +/-   0.1567389     %    34402.17     +/-   0.1398085     % 
   35118.59     +/-   0.1520479     %    35940.05     +/-   0.1620426     % 
   36950.93     +/-   0.1306478     %    38151.67     +/-   0.1360415     % 
   39173.42     +/-   0.1263190     %    38556.29     +/-   0.1446477     % 
   39197.48     +/-   0.1568923     %    40335.11     +/-   0.1447383     % 
   41660.41     +/-   0.1414236     %    42926.81     +/-   0.1715784     % 
   44280.09     +/-   0.1481428     %    45788.79     +/-   0.1286877     % 
   47206.34     +/-   0.1563430     %    49002.78     +/-   0.1575995     % 
   50738.79     +/-   0.1545819     %    52196.50     +/-   0.1412234     % 
   53755.52     +/-   0.1661076     %    54871.77     +/-   0.1518102     % 


  **** Cumulative Fluxes as a function of energy **** ****      (integrated over solid angle)        ****


  Energy boundaries (GeV):


  6.0000201E-03  5.7593198E-03  5.5282754E-03  5.3064995E-03  5.0936206E-03
  4.8892824E-03  4.6931403E-03  4.5048674E-03  4.3241475E-03  4.1506775E-03
  3.9841668E-03  3.8243346E-03  3.6709155E-03  3.5236510E-03  3.3822940E-03
  3.2466080E-03  3.1163648E-03  2.9913466E-03  2.8713439E-03  2.7561556E-03
  2.6455875E-03  2.5394559E-03  2.4375813E-03  2.3397936E-03  2.2459293E-03
  2.1558302E-03  2.0693457E-03  1.9863304E-03  1.9066455E-03  1.8301575E-03
  1.7567377E-03  1.6862632E-03  1.6186161E-03  1.5536827E-03  1.4913542E-03
  1.4315260E-03  1.3740981E-03  1.3189741E-03  1.2660612E-03  1.2152710E-03
  1.1665184E-03  1.1197218E-03  1.0748024E-03  1.0316848E-03  9.9029706E-04
  9.5056981E-04  9.1243611E-04  8.7583222E-04  8.4069691E-04  8.0697093E-04
  7.7459798E-04  7.4352371E-04  7.1369600E-04  6.8506505E-04  6.5758248E-04
  6.3120248E-04  6.0588081E-04  5.8157492E-04  5.5824412E-04  5.3584925E-04
  5.1435281E-04  4.9371872E-04  4.7391237E-04  4.5490058E-04  4.3665149E-04
  4.1913457E-04  4.0232029E-04  3.8618053E-04  3.7068830E-04  3.5581758E-04
  3.4154335E-04  3.2784176E-04  3.1468985E-04  3.0206557E-04  2.8994775E-04
  2.7831600E-04  2.6715090E-04  2.5643370E-04  2.4614646E-04  2.3627190E-04
  2.2679348E-04  2.1769528E-04  2.0896208E-04  2.0057923E-04  1.9253267E-04
  1.8480893E-04  1.7739501E-04  1.7027851E-04  1.6344752E-04  1.5689056E-04
  1.5059664E-04  1.4455520E-04  1.3875614E-04  1.3318972E-04  1.2784659E-04
  1.2271781E-04  1.1779480E-04  1.1306927E-04  1.0853331E-04  1.0417932E-04
  Lowest boundary   (GeV):  9.9999997E-05

  Cumul. Flux (Part/cmq/pr):

   85.70657     +/-   1.0032509E-03 %    85.81773     +/-   1.0073633E-03 % 
   85.92503     +/-   9.8609901E-04 %    86.02864     +/-   9.7617856E-04 % 
   86.12933     +/-   9.5546909E-04 %    86.22657     +/-   9.5110608E-04 % 
   86.32143     +/-   9.6336636E-04 %    86.41351     +/-   9.6359261E-04 % 
   86.50326     +/-   9.1695879E-04 %    86.59135     +/-   9.2832488E-04 % 
   86.67813     +/-   9.2423899E-04 %    86.76422     +/-   9.4214134E-04 % 
   86.84978     +/-   9.3170593E-04 %    86.93555     +/-   9.3457493E-04 % 
   87.02197     +/-   9.3515444E-04 %    87.10914     +/-   9.3814352E-04 % 
   87.19759     +/-   9.3349820E-04 %    87.28754     +/-   9.6289400E-04 % 
   87.37958     +/-   9.7305176E-04 %    87.47349     +/-   9.5710700E-04 % 
   87.56938     +/-   9.5980742E-04 %    87.66757     +/-   9.7321422E-04 % 
   87.76852     +/-   9.4915787E-04 %    87.87180     +/-   9.4560097E-04 % 
   87.97810     +/-   9.6886815E-04 %    88.08723     +/-   9.6706208E-04 % 
   88.19913     +/-   9.7003422E-04 %    88.31446     +/-   9.8645326E-04 % 
   88.43262     +/-   1.0088338E-03 %    88.55397     +/-   1.0275213E-03 % 
   88.67825     +/-   1.0897067E-03 %    88.80571     +/-   1.0805454E-03 % 
   88.93646     +/-   1.0891986E-03 %    89.07027     +/-   1.0930070E-03 % 
   89.20766     +/-   1.0865728E-03 %    89.34789     +/-   1.1286476E-03 % 
   89.49141     +/-   1.1089579E-03 %    89.63844     +/-   1.1083740E-03 % 
   89.78857     +/-   1.1703504E-03 %    89.94147     +/-   1.2085171E-03 % 
   90.09750     +/-   1.2571780E-03 %    90.25566     +/-   1.3071010E-03 % 
   90.41704     +/-   1.2908302E-03 %    90.58089     +/-   1.2694857E-03 % 
   90.74745     +/-   1.2781853E-03 %    90.91586     +/-   1.2357383E-03 % 
   91.08659     +/-   1.1942707E-03 %    91.25941     +/-   1.2333016E-03 % 
   91.43343     +/-   1.2266184E-03 %    91.61025     +/-   1.2845992E-03 % 
   91.78850     +/-   1.3156550E-03 %    91.96871     +/-   1.3571398E-03 % 
   92.15041     +/-   1.3786436E-03 %    92.33401     +/-   1.3572258E-03 % 
   92.51905     +/-   1.3254777E-03 %    92.70558     +/-   1.3340958E-03 % 
   92.89358     +/-   1.3256716E-03 %    93.08363     +/-   1.3214627E-03 % 
   93.27487     +/-   1.3191825E-03 %    93.46816     +/-   1.3234315E-03 % 
   95.58640     +/-   1.6851536E-03 %    95.90269     +/-   1.7223594E-03 % 
   96.21616     +/-   1.8079951E-03 %    96.52998     +/-   1.7868044E-03 % 
   96.84475     +/-   1.7867184E-03 %    97.16125     +/-   1.7698315E-03 % 
   97.48002     +/-   1.8057320E-03 %    97.80296     +/-   1.8252267E-03 % 
   98.13120     +/-   1.8387558E-03 %    98.46596     +/-   1.7871642E-03 % 
   98.80789     +/-   1.8818856E-03 %    99.16012     +/-   1.8657551E-03 % 
   99.52467     +/-   1.9330392E-03 %    99.90276     +/-   1.8048653E-03 % 
   100.2991     +/-   1.7883695E-03 %    100.7193     +/-   1.7909164E-03 % 
   101.1738     +/-   1.8888819E-03 %    101.6523     +/-   2.0715119E-03 % 
   102.0068     +/-   2.0543605E-03 %    102.3240     +/-   2.0085683E-03 % 
   102.6322     +/-   2.0282555E-03 %    102.9327     +/-   2.0622164E-03 % 
   103.2271     +/-   2.0994325E-03 %    103.5163     +/-   2.1646649E-03 % 
   103.8016     +/-   2.2462800E-03 %    104.0845     +/-   2.1875245E-03 % 
   104.3633     +/-   2.1559903E-03 %    104.6267     +/-   2.2021062E-03 % 
   104.8837     +/-   2.1089111E-03 %    105.1375     +/-   2.0986977E-03 % 
   105.3892     +/-   2.1631678E-03 %    105.6382     +/-   2.1365804E-03 % 
   105.8846     +/-   2.1048696E-03 %    106.1293     +/-   2.0540494E-03 % 
   106.3714     +/-   2.0907584E-03 %    106.6126     +/-   2.0956460E-03 % 
   106.8524     +/-   2.1273212E-03 %    107.0892     +/-   2.1235559E-03 % 
   107.3232     +/-   2.1591440E-03 %    107.5526     +/-   2.1888728E-03 % 
