  **** 10M_R2_60mm_26.trk ****


  Total primaries run:       800000000

    Total weight of the primaries run:   800000000.    


  Detector n:            1   airin     
     (Volume:          1.00000000      cmc,
      distr. scored:           7    ,
      from reg.          10  )

     Tot. response (p/cmq/pr)  0.1491512      +/-  2.2258744E-02 %
     ( --> Track l. (cm/pr)      0.1491512      +/-  2.2258744E-02 % )

  **** Different. Fluxes as a function of energy **** ****      (integrated over solid angle)        ****


  Energy boundaries (GeV):

  6.4908857E-03  6.2255966E-03  5.9711491E-03  5.7271011E-03  5.4930281E-03
  5.2685221E-03  5.0531914E-03  4.8466618E-03  4.6485728E-03  4.4585806E-03
  4.2763534E-03  4.1015744E-03  3.9339378E-03  3.7731533E-03  3.6189402E-03
  3.4710304E-03  3.3291653E-03  3.1930986E-03  3.0625926E-03  2.9374212E-03
  2.8173653E-03  2.7022166E-03  2.5917736E-03  2.4858450E-03  2.3842456E-03
  2.2867990E-03  2.1933350E-03  2.1036908E-03  2.0177104E-03  1.9352445E-03
  1.8561487E-03  1.7802857E-03  1.7075235E-03  1.6377352E-03  1.5707990E-03
  1.5065987E-03  1.4450223E-03  1.3859626E-03  1.3293166E-03  1.2749861E-03
  1.2228759E-03  1.1728955E-03  1.1249580E-03  1.0789797E-03  1.0348805E-03
  9.9258381E-04  9.5201575E-04  9.1310585E-04  8.7578606E-04  8.3999184E-04
  8.0566033E-04  7.7273208E-04  7.4114965E-04  7.1085803E-04  6.8180443E-04
  6.5393833E-04  6.2721106E-04  6.0157629E-04  5.7698914E-04  5.5340701E-04
  5.3078862E-04  5.0909468E-04  4.8828736E-04  4.6833052E-04  4.4918931E-04
  4.3083046E-04  4.1322192E-04  3.9633305E-04  3.8013447E-04  3.6459797E-04
  3.4969641E-04  3.3540392E-04  3.2169558E-04  3.0854755E-04  2.9593683E-04
  2.8384157E-04  2.7224064E-04  2.6111386E-04  2.5044184E-04  2.4020599E-04
  2.3038850E-04  2.2097227E-04  2.1194086E-04  2.0327861E-04  1.9497037E-04
  1.8700173E-04  1.7935874E-04  1.7202814E-04  1.6499715E-04  1.5825355E-04
  1.5178554E-04  1.4558190E-04  1.3963180E-04  1.3392488E-04  1.2845121E-04
  1.2320127E-04  1.1816590E-04  1.1333632E-04  1.0870414E-04  1.0426128E-04
  Lowest boundary   (GeV):  9.9999997E-05

  Flux (Part/GeV/cmq/pr):

   0.000000     +/-    0.000000     %   2.3685209E-02 +/-    3.888515     % 
  0.8810483     +/-   0.6685767     %    1.633343     +/-   0.4769995     % 
   2.249526     +/-   0.4119235     %    2.831643     +/-   0.3108740     % 
   3.402549     +/-   0.3255170     %    3.952890     +/-   0.2902381     % 
   4.511400     +/-   0.2442759     %    5.086045     +/-   0.2862705     % 
   5.637836     +/-   0.2535657     %    6.271465     +/-   0.2582014     % 
   6.906290     +/-   0.2846987     %    7.568767     +/-   0.2661515     % 
   8.247676     +/-   0.2741275     %    8.978174     +/-   0.2195739     % 
   9.815830     +/-   0.2202120     %    10.57474     +/-   0.2673328     % 
   11.45060     +/-   0.2096628     %    12.32972     +/-   0.2254455     % 
   13.30387     +/-   0.1699851     %    14.30088     +/-   0.2019528     % 
   15.38508     +/-   0.2231089     %    16.45926     +/-   0.2191470     % 
   17.62759     +/-   0.2109063     %    18.92128     +/-   0.2129180     % 
   20.18875     +/-   0.2025900     %    21.60327     +/-   0.1718795     % 
   23.10098     +/-   0.1969007     %    24.65316     +/-   0.1991560     % 
   26.21412     +/-   0.1684518     %    27.84521     +/-   0.1890543     % 
   29.64095     +/-   0.1562738     %    31.43011     +/-   0.1547637     % 
   33.52955     +/-   0.1818338     %    35.41039     +/-   0.2053728     % 
   37.42889     +/-   0.1761141     %    39.74235     +/-   0.1635025     % 
   41.93334     +/-   0.1895946     %    44.32762     +/-   0.1684341     % 
   46.86275     +/-   0.1516657     %    49.28960     +/-   0.1869583     % 
   51.78363     +/-   0.1448845     %    54.56171     +/-   0.1419403     % 
   57.58873     +/-   0.1380226     %    60.18930     +/-   0.1471387     % 
   63.26984     +/-   0.1781909     %    66.21422     +/-   0.1532015     % 
   69.68901     +/-   0.1620623     %    72.66093     +/-   0.1352932     % 
   76.12530     +/-   0.1576382     %    79.45572     +/-   0.1447290     % 
   82.78424     +/-   0.1564770     %    86.44214     +/-   0.1611272     % 
   89.89065     +/-   0.1519847     %    93.66267     +/-   0.1586463     % 
   97.69926     +/-   0.1532570     %    100.6594     +/-   0.1471273     % 
   104.5700     +/-   0.1486854     %    107.9946     +/-   0.1670444     % 
   195.6735     +/-   0.1081210     %    116.3915     +/-   0.1554044     % 
   119.7323     +/-   0.1563802     %    122.0209     +/-   0.1638619     % 
   124.8857     +/-   0.1476207     %    127.2912     +/-   0.1407736     % 
   129.3416     +/-   0.1582692     %    130.5405     +/-   0.1698560     % 
   131.3937     +/-   0.1631954     %    131.5518     +/-   0.1509821     % 
   131.7192     +/-   0.1672601     %    130.7873     +/-   0.1731377     % 
   128.7361     +/-   0.1931460     %    126.4076     +/-   0.2120249     % 
   123.1562     +/-   0.2158220     %    119.1636     +/-   0.1896715     % 
   114.1576     +/-   0.2310773     %    108.8940     +/-   0.2002159     % 
   102.7823     +/-   0.2497905     %    94.93247     +/-   0.2236685     % 
   86.89852     +/-   0.2364442     %    78.70396     +/-   0.2619940     % 
   70.05322     +/-   0.2405471     %    62.14280     +/-   0.2778794     % 
   53.81279     +/-   0.3256141     %    46.55615     +/-   0.3219572     % 
   40.05901     +/-   0.3310459     %    33.92003     +/-   0.3885482     % 
   28.82430     +/-   0.4510297     %    24.79942     +/-   0.4111784     % 
   21.34307     +/-   0.4359981     %    18.72210     +/-   0.4299677     % 
   16.54778     +/-   0.4883641     %    14.68845     +/-   0.5547795     % 
   13.22975     +/-   0.5723346     %    11.80530     +/-   0.4971432     % 
   10.51859     +/-   0.6288744     %    9.501892     +/-   0.6825801     % 
   8.251430     +/-   0.7825000     %    7.281976     +/-   0.6326321     % 


  **** Cumulative Fluxes as a function of energy **** ****      (integrated over solid angle)        ****


  Energy boundaries (GeV):


  6.4908857E-03  6.2255966E-03  5.9711491E-03  5.7271011E-03  5.4930281E-03
  5.2685221E-03  5.0531914E-03  4.8466618E-03  4.6485728E-03  4.4585806E-03
  4.2763534E-03  4.1015744E-03  3.9339378E-03  3.7731533E-03  3.6189402E-03
  3.4710304E-03  3.3291653E-03  3.1930986E-03  3.0625926E-03  2.9374212E-03
  2.8173653E-03  2.7022166E-03  2.5917736E-03  2.4858450E-03  2.3842456E-03
  2.2867990E-03  2.1933350E-03  2.1036908E-03  2.0177104E-03  1.9352445E-03
  1.8561487E-03  1.7802857E-03  1.7075235E-03  1.6377352E-03  1.5707990E-03
  1.5065987E-03  1.4450223E-03  1.3859626E-03  1.3293166E-03  1.2749861E-03
  1.2228759E-03  1.1728955E-03  1.1249580E-03  1.0789797E-03  1.0348805E-03
  9.9258381E-04  9.5201575E-04  9.1310585E-04  8.7578606E-04  8.3999184E-04
  8.0566033E-04  7.7273208E-04  7.4114965E-04  7.1085803E-04  6.8180443E-04
  6.5393833E-04  6.2721106E-04  6.0157629E-04  5.7698914E-04  5.5340701E-04
  5.3078862E-04  5.0909468E-04  4.8828736E-04  4.6833052E-04  4.4918931E-04
  4.3083046E-04  4.1322192E-04  3.9633305E-04  3.8013447E-04  3.6459797E-04
  3.4969641E-04  3.3540392E-04  3.2169558E-04  3.0854755E-04  2.9593683E-04
  2.8384157E-04  2.7224064E-04  2.6111386E-04  2.5044184E-04  2.4020599E-04
  2.3038850E-04  2.2097227E-04  2.1194086E-04  2.0327861E-04  1.9497037E-04
  1.8700173E-04  1.7935874E-04  1.7202814E-04  1.6499715E-04  1.5825355E-04
  1.5178554E-04  1.4558190E-04  1.3963180E-04  1.3392488E-04  1.2845121E-04
  1.2320127E-04  1.1816590E-04  1.1333632E-04  1.0870414E-04  1.0426128E-04
  Lowest boundary   (GeV):  9.9999997E-05

  Cumul. Flux (Part/cmq/pr):

   0.000000     +/-    0.000000     %   6.0266443E-06 +/-    3.888515     % 
  2.2104467E-04 +/-   0.6344187     %   6.0336618E-04 +/-   0.3765290     % 
  1.1083983E-03 +/-   0.2763129     %   1.7181376E-03 +/-   0.2004931     % 
  2.4208648E-03 +/-   0.1713585     %   3.2038891E-03 +/-   0.1367140     % 
  4.0610195E-03 +/-   0.1277641     %   4.9878354E-03 +/-   0.1126219     % 
  5.9732110E-03 +/-   0.1026931     %   7.0245387E-03 +/-   9.4790675E-02 % 
  8.1349630E-03 +/-   9.2485994E-02 %   9.3021654E-03 +/-   8.3837897E-02 % 
  1.0522078E-02 +/-   7.8938566E-02 %   1.1795768E-02 +/-   7.5914472E-02 % 
  1.3131374E-02 +/-   7.2971888E-02 %   1.4511442E-02 +/-   6.6164516E-02 % 
  1.5944729E-02 +/-   6.4298213E-02 %   1.7424984E-02 +/-   5.9160527E-02 % 
  1.8956907E-02 +/-   5.4688279E-02 %   2.0536339E-02 +/-   5.2067667E-02 % 
  2.2166060E-02 +/-   5.2832715E-02 %   2.3838310E-02 +/-   5.2157104E-02 % 
  2.5556058E-02 +/-   5.1809855E-02 %   2.7324518E-02 +/-   5.1251438E-02 % 
  2.9134322E-02 +/-   4.8248272E-02 %   3.0991780E-02 +/-   4.7198854E-02 % 
  3.2896820E-02 +/-   4.5640726E-02 %   3.4846783E-02 +/-   4.3880619E-02 % 
  3.6835466E-02 +/-   4.3354861E-02 %   3.8861547E-02 +/-   4.2279452E-02 % 
  4.0930137E-02 +/-   4.1074377E-02 %   4.3033946E-02 +/-   3.8963705E-02 % 
  4.5186557E-02 +/-   3.7566174E-02 %   4.7366999E-02 +/-   3.8960379E-02 % 
  4.9577538E-02 +/-   3.7586387E-02 %   5.1828783E-02 +/-   3.7047368E-02 % 
  5.4107044E-02 +/-   3.4888633E-02 %   5.6416966E-02 +/-   3.4282222E-02 % 
  5.8759183E-02 +/-   3.3300199E-02 %   6.1122004E-02 +/-   3.2162290E-02 % 
  6.3502930E-02 +/-   3.1378411E-02 %   6.5909050E-02 +/-   3.0679187E-02 % 
  6.8344869E-02 +/-   3.0262424E-02 %   7.0786633E-02 +/-   2.9918635E-02 % 
  7.3248453E-02 +/-   2.9309735E-02 %   7.5719558E-02 +/-   2.8938433E-02 % 
  7.8214020E-02 +/-   2.7934117E-02 %   8.0708578E-02 +/-   2.7388491E-02 % 
  8.3215252E-02 +/-   2.7076647E-02 %   8.5724652E-02 +/-   2.6876846E-02 % 
  8.8232324E-02 +/-   2.6920574E-02 %   9.0743780E-02 +/-   2.7153790E-02 % 
  9.3248680E-02 +/-   2.7118156E-02 %   9.5752031E-02 +/-   2.7354045E-02 % 
  9.8256528E-02 +/-   2.6770378E-02 %   0.1007315     +/-   2.6149465E-02 % 
  0.1031974     +/-   2.5906026E-02 %   0.1056401     +/-   2.5365913E-02 % 
  0.1098850     +/-   2.5528688E-02 %   0.1123068     +/-   2.5275774E-02 % 
  0.1146963     +/-   2.4678553E-02 %   0.1170319     +/-   2.4356816E-02 % 
  0.1193247     +/-   2.3654342E-02 %   0.1215661     +/-   2.3768235E-02 % 
  0.1237505     +/-   2.3300644E-02 %   0.1258651     +/-   2.3256294E-02 % 
  0.1279065     +/-   2.3096595E-02 %   0.1298668     +/-   2.2879133E-02 % 
  0.1317494     +/-   2.2460289E-02 %   0.1335423     +/-   2.1984605E-02 % 
  0.1352349     +/-   2.2007395E-02 %   0.1368290     +/-   2.2059964E-02 % 
  0.1383186     +/-   2.1993062E-02 %   0.1397010     +/-   2.2347454E-02 % 
  0.1409712     +/-   2.2032414E-02 %   0.1421334     +/-   2.1900270E-02 % 
  0.1431854     +/-   2.1943504E-02 %   0.1441174     +/-   2.2004195E-02 % 
  0.1449357     +/-   2.2232166E-02 %   0.1456465     +/-   2.2228757E-02 % 
  0.1462533     +/-   2.2242481E-02 %   0.1467696     +/-   2.2273012E-02 % 
  0.1471984     +/-   2.2337984E-02 %   0.1475542     +/-   2.2334954E-02 % 
  0.1478479     +/-   2.2379762E-02 %   0.1480864     +/-   2.2336023E-02 % 
  0.1482808     +/-   2.2418439E-02 %   0.1484412     +/-   2.2356432E-02 % 
  0.1485736     +/-   2.2326916E-02 %   0.1486850     +/-   2.2275718E-02 % 
  0.1487794     +/-   2.2314131E-02 %   0.1488598     +/-   2.2240255E-02 % 
  0.1489293     +/-   2.2252496E-02 %   0.1489887     +/-   2.2250956E-02 % 
  0.1490395     +/-   2.2279397E-02 %   0.1490835     +/-   2.2255717E-02 % 
  0.1491202     +/-   2.2239162E-02 %   0.1491512     +/-   2.2258744E-02 % 
