 # Detector n:            1   airout    
 # N. of energy intervals         100
  9.9999997E-05  1.0426128E-04   3.101420       2.247745    
  1.0426128E-04  1.0870414E-04   3.370892       2.659856    
  1.0870414E-04  1.1333632E-04   3.700505       2.168830    
  1.1333632E-04  1.1816590E-04   3.951650       2.315109    
  1.1816590E-04  1.2320127E-04   4.164581       1.768005    
  1.2320127E-04  1.2845121E-04   4.202514       2.244860    
  1.2845121E-04  1.3392488E-04   4.266033       2.300891    
  1.3392488E-04  1.3963180E-04   4.442805       2.107829    
  1.3963180E-04  1.4558190E-04   4.746614       2.179292    
  1.4558190E-04  1.5178554E-04   5.309676       2.338809    
  1.5178554E-04  1.5825355E-04   5.828600       2.101484    
  1.5825355E-04  1.6499715E-04   6.838013       2.232512    
  1.6499715E-04  1.7202814E-04   8.212621       1.862793    
  1.7202814E-04  1.7935874E-04   9.885561       1.552981    
  1.7935874E-04  1.8700173E-04   11.21251       1.742944    
  1.8700173E-04  1.9497037E-04   13.39908       1.406979    
  1.9497037E-04  2.0327861E-04   16.24200       1.222764    
  2.0327861E-04  2.1194086E-04   18.65283       1.036426    
  2.1194086E-04  2.2097227E-04   21.47426       1.178147    
  2.2097227E-04  2.3038850E-04   24.38324      0.9100505    
  2.3038850E-04  2.4020599E-04   27.62636      0.8758061    
  2.4020599E-04  2.5044184E-04   30.46957       1.004869    
  2.5044184E-04  2.6111386E-04   32.99183      0.7635599    
  2.6111386E-04  2.7224064E-04   35.25481      0.8053278    
  2.7224064E-04  2.8384157E-04   37.23225      0.7932150    
  2.8384157E-04  2.9593683E-04   39.13294      0.7877981    
  2.9593683E-04  3.0854755E-04   40.93551      0.8180521    
  3.0854755E-04  3.2169558E-04   42.38652      0.6360147    
  3.2169558E-04  3.3540392E-04   43.64687      0.7481939    
  3.3540392E-04  3.4969641E-04   44.38832      0.5630246    
  3.4969641E-04  3.6459797E-04   45.63641      0.5116338    
  3.6459797E-04  3.8013447E-04   45.76130      0.6378763    
  3.8013447E-04  3.9633305E-04   46.76197      0.5442633    
  3.9633305E-04  4.1322192E-04   47.32640      0.5116447    
  4.1322192E-04  4.3083046E-04   47.39042      0.5692619    
  4.3083046E-04  4.4918931E-04   46.65914      0.5012392    
  4.4918931E-04  4.6833052E-04   46.34692      0.5857494    
  4.6833052E-04  4.8828736E-04   46.32433      0.5276834    
  4.8828736E-04  5.0909468E-04   45.48299      0.5545822    
  5.0909468E-04  5.3078862E-04   69.64189      0.4239719    
  5.3078862E-04  5.5340701E-04   43.55254      0.4673828    
  5.5340701E-04  5.7698914E-04   42.85293      0.5350658    
  5.7698914E-04  6.0157629E-04   41.92929      0.5297760    
  6.0157629E-04  6.2721106E-04   41.42479      0.5116216    
  6.2721106E-04  6.5393833E-04   40.09082      0.4885431    
  6.5393833E-04  6.8180443E-04   38.81137      0.4522939    
  6.8180443E-04  7.1085803E-04   38.04056      0.5277079    
  7.1085803E-04  7.4114965E-04   36.90199      0.5477615    
  7.4114965E-04  7.7273208E-04   36.00593      0.4426699    
  7.7273208E-04  8.0566033E-04   35.23792      0.4559202    
  8.0566033E-04  8.3999184E-04   33.87961      0.4708740    
  8.3999184E-04  8.7578606E-04   33.18718      0.4881788    
  8.7578606E-04  9.1310585E-04   31.78525      0.4789476    
  9.1310585E-04  9.5201575E-04   30.99919      0.4835031    
  9.5201575E-04  9.9258381E-04   29.73557      0.3995143    
  9.9258381E-04  1.0348805E-03   29.03456      0.4183689    
  1.0348805E-03  1.0789797E-03   27.88054      0.4801784    
  1.0789797E-03  1.1249580E-03   27.00736      0.4199923    
  1.1249580E-03  1.1728955E-03   25.86473      0.4782103    
  1.1728955E-03  1.2228759E-03   24.93600      0.4511113    
  1.2228759E-03  1.2749861E-03   24.00241      0.4188363    
  1.2749861E-03  1.3293166E-03   22.97348      0.5129949    
  1.3293166E-03  1.3859626E-03   22.07329      0.4498457    
  1.3859626E-03  1.4450223E-03   21.00970      0.4540952    
  1.4450223E-03  1.5065987E-03   20.10192      0.4344876    
  1.5065987E-03  1.5707990E-03   19.36442      0.4002303    
  1.5707990E-03  1.6377352E-03   18.29116      0.4017189    
  1.6377352E-03  1.7075235E-03   17.38528      0.4681275    
  1.7075235E-03  1.7802857E-03   16.44637      0.4595469    
  1.7802857E-03  1.8561487E-03   15.61534      0.4359377    
  1.8561487E-03  1.9352445E-03   14.94922      0.5029259    
  1.9352445E-03  2.0177104E-03   14.02491      0.5049011    
  2.0177104E-03  2.1036908E-03   13.23031      0.5081317    
  2.1036908E-03  2.1933350E-03   12.48903      0.5029116    
  2.1933350E-03  2.2867990E-03   11.75191      0.5818830    
  2.2867990E-03  2.3842456E-03   11.03452      0.4864317    
  2.3842456E-03  2.4858450E-03   10.36788      0.5425183    
  2.4858450E-03  2.5917736E-03   9.777896      0.5102317    
  2.5917736E-03  2.7022166E-03   9.114264      0.5120768    
  2.7022166E-03  2.8173653E-03   8.531473      0.4703559    
  2.8173653E-03  2.9374212E-03   8.006872      0.5779161    
  2.9374212E-03  3.0625926E-03   7.403808      0.5324867    
  3.0625926E-03  3.1930986E-03   6.916412      0.5551074    
  3.1930986E-03  3.3291653E-03   6.423993      0.5507245    
  3.3291653E-03  3.4710304E-03   5.883687      0.5057557    
  3.4710304E-03  3.6189402E-03   5.396996      0.5321534    
  3.6189402E-03  3.7731533E-03   5.001097      0.6054528    
  3.7731533E-03  3.9339378E-03   4.572020      0.6538839    
  3.9339378E-03  4.1015744E-03   4.155978      0.5645460    
  4.1015744E-03  4.2763534E-03   3.724652      0.6706613    
  4.2763534E-03  4.4585806E-03   3.391936      0.6523825    
  4.4585806E-03  4.6485728E-03   3.030687      0.6467746    
  4.6485728E-03  4.8466618E-03   2.678545      0.7672121    
  4.8466618E-03  5.0531914E-03   2.318261      0.8062049    
  5.0531914E-03  5.2685221E-03   1.940017      0.7200631    
  5.2685221E-03  5.4930281E-03   1.542867      0.9781166    
  5.4930281E-03  5.7271011E-03   1.164549      0.9942346    
  5.7271011E-03  5.9711491E-03  0.6768027       1.476255    
  5.9711491E-03  6.2255966E-03  2.2126013E-02   6.839508    
  6.2255966E-03  6.4908857E-03   0.000000       0.000000    
