  **** Geo_0_0_1_01_26.trk ****


  Total primaries run:          500000

    Total weight of the primaries run:   500000.000    


  Detector n:            1   airin     
     (Volume:          1.00000000      cmc,
      distr. scored:           7    ,
      from reg.          10  )

     Tot. response (p/cmq/pr)  0.1518310      +/-  0.3361577     %
     ( --> Track l. (cm/pr)      0.1518310      +/-  0.3361577     % )

  **** Different. Fluxes as a function of energy **** ****      (integrated over solid angle)        ****


  Energy boundaries (GeV):

  6.4908857E-03  6.2255966E-03  5.9711491E-03  5.7271011E-03  5.4930281E-03
  5.2685221E-03  5.0531914E-03  4.8466618E-03  4.6485728E-03  4.4585806E-03
  4.2763534E-03  4.1015744E-03  3.9339378E-03  3.7731533E-03  3.6189402E-03
  3.4710304E-03  3.3291653E-03  3.1930986E-03  3.0625926E-03  2.9374212E-03
  2.8173653E-03  2.7022166E-03  2.5917736E-03  2.4858450E-03  2.3842456E-03
  2.2867990E-03  2.1933350E-03  2.1036908E-03  2.0177104E-03  1.9352445E-03
  1.8561487E-03  1.7802857E-03  1.7075235E-03  1.6377352E-03  1.5707990E-03
  1.5065987E-03  1.4450223E-03  1.3859626E-03  1.3293166E-03  1.2749861E-03
  1.2228759E-03  1.1728955E-03  1.1249580E-03  1.0789797E-03  1.0348805E-03
  9.9258381E-04  9.5201575E-04  9.1310585E-04  8.7578606E-04  8.3999184E-04
  8.0566033E-04  7.7273208E-04  7.4114965E-04  7.1085803E-04  6.8180443E-04
  6.5393833E-04  6.2721106E-04  6.0157629E-04  5.7698914E-04  5.5340701E-04
  5.3078862E-04  5.0909468E-04  4.8828736E-04  4.6833052E-04  4.4918931E-04
  4.3083046E-04  4.1322192E-04  3.9633305E-04  3.8013447E-04  3.6459797E-04
  3.4969641E-04  3.3540392E-04  3.2169558E-04  3.0854755E-04  2.9593683E-04
  2.8384157E-04  2.7224064E-04  2.6111386E-04  2.5044184E-04  2.4020599E-04
  2.3038850E-04  2.2097227E-04  2.1194086E-04  2.0327861E-04  1.9497037E-04
  1.8700173E-04  1.7935874E-04  1.7202814E-04  1.6499715E-04  1.5825355E-04
  1.5178554E-04  1.4558190E-04  1.3963180E-04  1.3392488E-04  1.2845121E-04
  1.2320127E-04  1.1816590E-04  1.1333632E-04  1.0870414E-04  1.0426128E-04
  Lowest boundary   (GeV):  9.9999997E-05

  Flux (Part/GeV/cmq/pr):

   0.000000     +/-    0.000000     %   4.7678286E-03 +/-    99.00000     % 
   1.038090     +/-    19.33780     %    1.701903     +/-    19.80960     % 
   1.672603     +/-    14.04535     %    2.704977     +/-    7.407183     % 
   3.480258     +/-    13.36566     %    3.641776     +/-    13.74812     % 
   4.283479     +/-    13.03557     %    5.862702     +/-    8.827356     % 
   5.638200     +/-    5.285100     %    7.529058     +/-    8.788126     % 
   7.562310     +/-    11.46172     %    8.830215     +/-    8.612448     % 
   7.718533     +/-    12.78664     %    8.919937     +/-    14.21972     % 
   9.120799     +/-    10.39175     %    10.87612     +/-    1.811333     % 
   9.986676     +/-    5.646630     %    13.03203     +/-    5.650554     % 
   14.00017     +/-    10.20724     %    14.77327     +/-    5.857061     % 
   15.57761     +/-    13.44792     %    16.60003     +/-    5.928075     % 
   17.51617     +/-    5.768223     %    17.85674     +/-    6.253349     % 
   20.78978     +/-    2.807392     %    22.64929     +/-    5.827019     % 
   21.10607     +/-    9.589958     %    25.18238     +/-    6.251351     % 
   24.39363     +/-    5.899243     %    26.77195     +/-    8.208478     % 
   27.56885     +/-    5.735063     %    34.54720     +/-    3.940303     % 
   31.64488     +/-    9.808063     %    38.33290     +/-    7.563771     % 
   36.83879     +/-    4.880295     %    39.65396     +/-    6.072263     % 
   44.81249     +/-    6.756870     %    39.51485     +/-    7.564564     % 
   46.17875     +/-    2.903074     %    54.88273     +/-    8.295782     % 
   56.46548     +/-    9.374223     %    54.80469     +/-    8.138441     % 
   56.92853     +/-    7.639175     %    68.27737     +/-    6.772071     % 
   61.44063     +/-    7.311972     %    61.78852     +/-    8.200713     % 
   77.01420     +/-    3.557119     %    70.81168     +/-    8.604058     % 
   76.21478     +/-    5.122437     %    77.01413     +/-    4.332722     % 
   92.96482     +/-    5.608980     %    94.84387     +/-    8.103197     % 
   88.06230     +/-    7.490831     %    96.07637     +/-    4.199840     % 
   93.93742     +/-    2.669928     %    103.9719     +/-    5.857088     % 
   93.14592     +/-    7.061687     %    120.2320     +/-    5.697260     % 
   188.7008     +/-    4.799722     %    116.8121     +/-    6.285442     % 
   112.5490     +/-    5.647376     %    122.1753     +/-    3.069519     % 
   132.3909     +/-    3.694546     %    140.5434     +/-    2.957422     % 
   155.0320     +/-    4.463088     %    133.1971     +/-    7.074158     % 
   133.4486     +/-    5.850394     %    118.9414     +/-    6.150781     % 
   145.1813     +/-    5.110382     %    133.2111     +/-    5.977721     % 
   143.6675     +/-    6.783451     %    122.6190     +/-    8.520720     % 
   126.2017     +/-    2.508305     %    127.2699     +/-    8.382586     % 
   123.9996     +/-    4.016479     %    115.4822     +/-    6.415750     % 
   103.4126     +/-    13.39830     %    96.36535     +/-    13.31740     % 
   90.36489     +/-    6.973757     %    91.95581     +/-    8.468949     % 
   67.87376     +/-    16.73056     %    64.72256     +/-    18.77456     % 
   58.19189     +/-    12.25352     %    47.11800     +/-    13.03790     % 
   34.57521     +/-    11.74514     %    33.89400     +/-    9.076768     % 
   41.77525     +/-    14.83797     %    25.50750     +/-    20.41718     % 
   20.31141     +/-    25.04558     %    23.01219     +/-    19.08404     % 
   16.14075     +/-    25.91511     %    14.15250     +/-    17.71180     % 
   15.68941     +/-    36.65221     %    11.42152     +/-    9.439553     % 
   10.92787     +/-    13.74819     %    12.81205     +/-    35.70393     % 
   7.681408     +/-    21.69666     %    8.972610     +/-    14.97439     % 


  **** Cumulative Fluxes as a function of energy **** ****      (integrated over solid angle)        ****


  Energy boundaries (GeV):


  6.4908857E-03  6.2255966E-03  5.9711491E-03  5.7271011E-03  5.4930281E-03
  5.2685221E-03  5.0531914E-03  4.8466618E-03  4.6485728E-03  4.4585806E-03
  4.2763534E-03  4.1015744E-03  3.9339378E-03  3.7731533E-03  3.6189402E-03
  3.4710304E-03  3.3291653E-03  3.1930986E-03  3.0625926E-03  2.9374212E-03
  2.8173653E-03  2.7022166E-03  2.5917736E-03  2.4858450E-03  2.3842456E-03
  2.2867990E-03  2.1933350E-03  2.1036908E-03  2.0177104E-03  1.9352445E-03
  1.8561487E-03  1.7802857E-03  1.7075235E-03  1.6377352E-03  1.5707990E-03
  1.5065987E-03  1.4450223E-03  1.3859626E-03  1.3293166E-03  1.2749861E-03
  1.2228759E-03  1.1728955E-03  1.1249580E-03  1.0789797E-03  1.0348805E-03
  9.9258381E-04  9.5201575E-04  9.1310585E-04  8.7578606E-04  8.3999184E-04
  8.0566033E-04  7.7273208E-04  7.4114965E-04  7.1085803E-04  6.8180443E-04
  6.5393833E-04  6.2721106E-04  6.0157629E-04  5.7698914E-04  5.5340701E-04
  5.3078862E-04  5.0909468E-04  4.8828736E-04  4.6833052E-04  4.4918931E-04
  4.3083046E-04  4.1322192E-04  3.9633305E-04  3.8013447E-04  3.6459797E-04
  3.4969641E-04  3.3540392E-04  3.2169558E-04  3.0854755E-04  2.9593683E-04
  2.8384157E-04  2.7224064E-04  2.6111386E-04  2.5044184E-04  2.4020599E-04
  2.3038850E-04  2.2097227E-04  2.1194086E-04  2.0327861E-04  1.9497037E-04
  1.8700173E-04  1.7935874E-04  1.7202814E-04  1.6499715E-04  1.5825355E-04
  1.5178554E-04  1.4558190E-04  1.3963180E-04  1.3392488E-04  1.2845121E-04
  1.2320127E-04  1.1816590E-04  1.1333632E-04  1.0870414E-04  1.0426128E-04
  Lowest boundary   (GeV):  9.9999997E-05

  Cumul. Flux (Part/cmq/pr):

   0.000000     +/-    0.000000     %   1.2131624E-06 +/-    99.00000     % 
  2.5455700E-04 +/-    19.06129     %   6.5292668E-04 +/-    10.86504     % 
  1.0284360E-03 +/-    9.997843     %   1.6109004E-03 +/-    5.253119     % 
  2.3296769E-03 +/-    4.690483     %   3.0510728E-03 +/-    2.087361     % 
  3.8649000E-03 +/-    2.330121     %   4.9332441E-03 +/-    3.009837     % 
  5.9186830E-03 +/-    3.057285     %   7.1808291E-03 +/-    3.623926     % 
  8.3967308E-03 +/-    4.265374     %   9.7584650E-03 +/-    3.678988     % 
  1.0900112E-02 +/-    3.713447     %   1.2165540E-02 +/-    3.484763     % 
  1.3406578E-02 +/-    2.472538     %   1.4825976E-02 +/-    2.162150     % 
  1.6076023E-02 +/-    2.057757     %   1.7640594E-02 +/-    2.028479     % 
  1.9252695E-02 +/-    2.481106     %   2.0884300E-02 +/-    2.279388     % 
  2.2534415E-02 +/-    1.739601     %   2.4220968E-02 +/-    1.480330     % 
  2.5927860E-02 +/-    1.296049     %   2.7596822E-02 +/-    1.298277     % 
  2.9460507E-02 +/-    1.151614     %   3.1407900E-02 +/-    1.207100     % 
  3.3148430E-02 +/-    1.353610     %   3.5140250E-02 +/-    1.494105     % 
  3.6990825E-02 +/-    1.320173     %   3.8938813E-02 +/-    1.280661     % 
  4.0862795E-02 +/-    1.159406     %   4.3175250E-02 +/-    1.182551     % 
  4.5206863E-02 +/-   0.9746050     %   4.7567267E-02 +/-   0.8961213     % 
  4.9742956E-02 +/-   0.6786702     %   5.1989190E-02 +/-   0.4622097     % 
  5.4423880E-02 +/-   0.4796150     %   5.6483004E-02 +/-   0.6306683     % 
  5.8791034E-02 +/-   0.5912753     %   6.1421975E-02 +/-   0.3958583     % 
  6.4018168E-02 +/-   0.6301422     %   6.6435009E-02 +/-   0.8446931     % 
  6.8842895E-02 +/-    1.009899     %   7.1612775E-02 +/-   0.8787029     % 
  7.4003428E-02 +/-   0.9268151     %   7.6309361E-02 +/-    1.021599     % 
  7.9066023E-02 +/-    1.019004     %   8.1497096E-02 +/-    1.092869     % 
  8.4006712E-02 +/-    1.099367     %   8.6439006E-02 +/-    1.004791     % 
  8.9255065E-02 +/-    1.086461     %   9.2010617E-02 +/-    1.057534     % 
  9.4464570E-02 +/-    1.081373     %   9.7032428E-02 +/-   0.9917865     % 
  9.9440493E-02 +/-   0.9467040     %   0.1019969     +/-   0.8332928     % 
  0.1041934     +/-   0.8630588     %   0.1069129     +/-   0.7713332     % 
  0.1110066     +/-   0.9006980     %   0.1134371     +/-   0.8873380     % 
  0.1156832     +/-   0.8910018     %   0.1180218     +/-   0.8488349     % 
  0.1204524     +/-   0.7747253     %   0.1229271     +/-   0.8062674     % 
  0.1255454     +/-   0.7695696     %   0.1277030     +/-   0.7205986     % 
  0.1297764     +/-   0.6735482     %   0.1315488     +/-   0.6436425     % 
  0.1336238     +/-   0.6602060     %   0.1354499     +/-   0.5762222     % 
  0.1373388     +/-   0.5887445     %   0.1388851     +/-   0.5817753     % 
  0.1404116     +/-   0.5880286     %   0.1418880     +/-   0.5176437     % 
  0.1432678     +/-   0.5017201     %   0.1445002     +/-   0.4596427     % 
  0.1455587     +/-   0.3955244     %   0.1465048     +/-   0.3492735     % 
  0.1473557     +/-   0.3633659     %   0.1481861     +/-   0.3239100     % 
  0.1487741     +/-   0.2673882     %   0.1493118     +/-   0.2882608     % 
  0.1497755     +/-   0.3067633     %   0.1501357     +/-   0.3349625     % 
  0.1503891     +/-   0.3294984     %   0.1506274     +/-   0.3335387     % 
  0.1509091     +/-   0.3340603     %   0.1510741     +/-   0.3501724     % 
  0.1512001     +/-   0.3628666     %   0.1513370     +/-   0.3535666     % 
  0.1514292     +/-   0.3474031     %   0.1515066     +/-   0.3465759     % 
  0.1515890     +/-   0.3432115     %   0.1516465     +/-   0.3422173     % 
  0.1516993     +/-   0.3400141     %   0.1517586     +/-   0.3381742     % 
  0.1517928     +/-   0.3389911     %   0.1518310     +/-   0.3361577     % 
