 # Detector n:            1   airin     
 # N. of energy intervals         100
  9.9999997E-05  1.0426128E-04   7.471334       3.613995    
  1.0426128E-04  1.0870414E-04   8.516634       3.273040    
  1.0870414E-04  1.1333632E-04   9.198710       2.734533    
  1.1333632E-04  1.1816590E-04   10.23083       2.792518    
  1.1816590E-04  1.2320127E-04   11.47969       2.480844    
  1.2320127E-04  1.2845121E-04   13.17441       3.167296    
  1.2845121E-04  1.3392488E-04   14.64577       2.282475    
  1.3392488E-04  1.3963180E-04   16.64847       2.252610    
  1.3963180E-04  1.4558190E-04   18.93021       2.189470    
  1.4558190E-04  1.5178554E-04   21.62273       2.216880    
  1.5178554E-04  1.5825355E-04   24.90605       1.737704    
  1.5825355E-04  1.6499715E-04   28.11629       1.743068    
  1.6499715E-04  1.7202814E-04   33.57014       1.255509    
  1.7202814E-04  1.7935874E-04   41.37047       1.650923    
  1.7935874E-04  1.8700173E-04   46.66835       1.311149    
  1.8700173E-04  1.9497037E-04   53.77774       1.341047    
  1.9497037E-04  2.0327861E-04   61.88688       1.227881    
  2.0327861E-04  2.1194086E-04   69.75977       1.210897    
  2.1194086E-04  2.2097227E-04   78.02138       1.094215    
  2.2097227E-04  2.3038850E-04   86.06396       1.112275    
  2.3038850E-04  2.4020599E-04   92.79395       1.012859    
  2.4020599E-04  2.5044184E-04   103.2138       1.215553    
  2.5044184E-04  2.6111386E-04   108.5805      0.9632299    
  2.6111386E-04  2.7224064E-04   111.3301      0.8124993    
  2.7224064E-04  2.8384157E-04   118.1414      0.9507144    
  2.8384157E-04  2.9593683E-04   123.5217      0.8394693    
  2.9593683E-04  3.0854755E-04   125.0032      0.8339935    
  3.0854755E-04  3.2169558E-04   128.3164      0.7737434    
  3.2169558E-04  3.3540392E-04   129.6577      0.6886253    
  3.3540392E-04  3.4969641E-04   132.0413      0.6305814    
  3.4969641E-04  3.6459797E-04   132.2544      0.7939491    
  3.6459797E-04  3.8013447E-04   132.2483      0.7669094    
  3.8013447E-04  3.9633305E-04   131.3322      0.6967083    
  3.9633305E-04  4.1322192E-04   130.5223      0.8687828    
  4.1322192E-04  4.3083046E-04   126.0073      0.6926374    
  4.3083046E-04  4.4918931E-04   123.8898      0.7124428    
  4.4918931E-04  4.6833052E-04   122.0499      0.6998909    
  4.6833052E-04  4.8828736E-04   120.0928      0.6307025    
  4.8828736E-04  5.0909468E-04   115.5287      0.6975607    
  5.0909468E-04  5.3078862E-04   195.0342      0.4254523    
  5.3078862E-04  5.5340701E-04   107.2828      0.6766970    
  5.5340701E-04  5.7698914E-04   104.1610      0.5705255    
  5.7698914E-04  6.0157629E-04   101.3603      0.7058657    
  6.0157629E-04  6.2721106E-04   96.40950      0.7902669    
  6.2721106E-04  6.5393833E-04   93.81037      0.7842273    
  6.5393833E-04  6.8180443E-04   90.05082      0.7241001    
  6.8180443E-04  7.1085803E-04   86.90009      0.8383542    
  7.1085803E-04  7.4114965E-04   82.96985      0.8394085    
  7.4114965E-04  7.7273208E-04   80.00901      0.7209692    
  7.7273208E-04  8.0566033E-04   76.74223      0.8197355    
  8.0566033E-04  8.3999184E-04   71.77232      0.8193010    
  8.3999184E-04  8.7578606E-04   70.79159      0.6180325    
  8.7578606E-04  9.1310585E-04   65.15880      0.7488680    
  9.1310585E-04  9.5201575E-04   62.99569      0.7783104    
  9.5201575E-04  9.9258381E-04   60.62954      0.8603263    
  9.9258381E-04  1.0348805E-03   57.76347      0.8045686    
  1.0348805E-03  1.0789797E-03   54.54866      0.7632352    
  1.0789797E-03  1.1249580E-03   52.28135      0.6553581    
  1.1249580E-03  1.1728955E-03   48.90031      0.7954832    
  1.1728955E-03  1.2228759E-03   47.15143      0.7121277    
  1.2228759E-03  1.2749861E-03   44.19060      0.7560297    
  1.2749861E-03  1.3293166E-03   41.55178      0.8854178    
  1.3293166E-03  1.3859626E-03   39.66971      0.8201936    
  1.3859626E-03  1.4450223E-03   37.23368      0.7151256    
  1.4450223E-03  1.5065987E-03   35.44312      0.8200188    
  1.5065987E-03  1.5707990E-03   34.05923      0.8234020    
  1.5707990E-03  1.6377352E-03   31.00743      0.7271760    
  1.6377352E-03  1.7075235E-03   29.68167      0.7339661    
  1.7075235E-03  1.7802857E-03   27.92550      0.8260073    
  1.7802857E-03  1.8561487E-03   26.28002      0.9241054    
  1.8561487E-03  1.9352445E-03   24.50112      0.9433632    
  1.9352445E-03  2.0177104E-03   23.01521      0.8517671    
  2.0177104E-03  2.1036908E-03   21.67000      0.9381173    
  2.1036908E-03  2.1933350E-03   20.09537      0.8107637    
  2.1933350E-03  2.2867990E-03   19.04066      0.9580048    
  2.2867990E-03  2.3842456E-03   17.78004      0.8666034    
  2.3842456E-03  2.4858450E-03   16.57749      0.8285054    
  2.4858450E-03  2.5917736E-03   15.29464      0.9691783    
  2.5917736E-03  2.7022166E-03   14.37354      0.8529629    
  2.7022166E-03  2.8173653E-03   13.47781      0.9866682    
  2.8173653E-03  2.9374212E-03   12.28881      0.9072282    
  2.9374212E-03  3.0625926E-03   11.56908      0.9076144    
  3.0625926E-03  3.1930986E-03   10.75468       1.089544    
  3.1930986E-03  3.3291653E-03   9.671441       1.049529    
  3.3291653E-03  3.4710304E-03   9.024049      0.9602273    
  3.4710304E-03  3.6189402E-03   8.263909       1.038183    
  3.6189402E-03  3.7731533E-03   7.548461       1.035002    
  3.7731533E-03  3.9339378E-03   6.881607       1.173380    
  3.9339378E-03  4.1015744E-03   6.322945       1.147126    
  4.1015744E-03  4.2763534E-03   5.618104       1.287284    
  4.2763534E-03  4.4585806E-03   5.067064       1.319928    
  4.4585806E-03  4.6485728E-03   4.584687       1.232347    
  4.6485728E-03  4.8466618E-03   3.914850       1.469330    
  4.8466618E-03  5.0531914E-03   3.398490       1.562857    
  5.0531914E-03  5.2685221E-03   2.805722       1.738618    
  5.2685221E-03  5.4930281E-03   2.273548       1.741862    
  5.4930281E-03  5.7271011E-03   1.635787       2.023444    
  5.7271011E-03  5.9711491E-03  0.9345810       2.613388    
  5.9711491E-03  6.2255966E-03  2.0121032E-02   17.08170    
  6.2255966E-03  6.4908857E-03   0.000000       0.000000    
