  **** Geo_0_0_1_01_27.trk ****


  Total primaries run:          500000

    Total weight of the primaries run:   500000.000    


  Detector n:            1   airout    
     (Volume:          1.00000000      cmc,
      distr. scored:           7    ,
      from reg.          11  )

     Tot. response (p/cmq/pr)  7.5422101E-02  +/-   1.308386     %
     ( --> Track l. (cm/pr)      7.5422101E-02  +/-   1.308386     % )

  **** Different. Fluxes as a function of energy **** ****      (integrated over solid angle)        ****


  Energy boundaries (GeV):

  6.4908857E-03  6.2255966E-03  5.9711491E-03  5.7271011E-03  5.4930281E-03
  5.2685221E-03  5.0531914E-03  4.8466618E-03  4.6485728E-03  4.4585806E-03
  4.2763534E-03  4.1015744E-03  3.9339378E-03  3.7731533E-03  3.6189402E-03
  3.4710304E-03  3.3291653E-03  3.1930986E-03  3.0625926E-03  2.9374212E-03
  2.8173653E-03  2.7022166E-03  2.5917736E-03  2.4858450E-03  2.3842456E-03
  2.2867990E-03  2.1933350E-03  2.1036908E-03  2.0177104E-03  1.9352445E-03
  1.8561487E-03  1.7802857E-03  1.7075235E-03  1.6377352E-03  1.5707990E-03
  1.5065987E-03  1.4450223E-03  1.3859626E-03  1.3293166E-03  1.2749861E-03
  1.2228759E-03  1.1728955E-03  1.1249580E-03  1.0789797E-03  1.0348805E-03
  9.9258381E-04  9.5201575E-04  9.1310585E-04  8.7578606E-04  8.3999184E-04
  8.0566033E-04  7.7273208E-04  7.4114965E-04  7.1085803E-04  6.8180443E-04
  6.5393833E-04  6.2721106E-04  6.0157629E-04  5.7698914E-04  5.5340701E-04
  5.3078862E-04  5.0909468E-04  4.8828736E-04  4.6833052E-04  4.4918931E-04
  4.3083046E-04  4.1322192E-04  3.9633305E-04  3.8013447E-04  3.6459797E-04
  3.4969641E-04  3.3540392E-04  3.2169558E-04  3.0854755E-04  2.9593683E-04
  2.8384157E-04  2.7224064E-04  2.6111386E-04  2.5044184E-04  2.4020599E-04
  2.3038850E-04  2.2097227E-04  2.1194086E-04  2.0327861E-04  1.9497037E-04
  1.8700173E-04  1.7935874E-04  1.7202814E-04  1.6499715E-04  1.5825355E-04
  1.5178554E-04  1.4558190E-04  1.3963180E-04  1.3392488E-04  1.2845121E-04
  1.2320127E-04  1.1816590E-04  1.1333632E-04  1.0870414E-04  1.0426128E-04
  Lowest boundary   (GeV):  9.9999997E-05

  Flux (Part/GeV/cmq/pr):

   0.000000     +/-    0.000000     %    0.000000     +/-    0.000000     % 
  0.6651259     +/-    37.80809     %    1.289604     +/-    36.76557     % 
   1.503061     +/-    38.50064     %    1.730092     +/-    22.98966     % 
   2.390323     +/-    30.72904     %    2.674795     +/-    28.13849     % 
   2.444668     +/-    12.49752     %    5.096740     +/-    20.04421     % 
   3.389397     +/-    12.12727     %    6.963876     +/-    18.43755     % 
   6.791461     +/-    24.15786     %    7.169840     +/-    18.36359     % 
   4.504236     +/-    24.07602     %    4.956948     +/-    23.08901     % 
   5.184739     +/-    39.93219     %    6.772263     +/-    15.87128     % 
   5.111177     +/-    17.70089     %    7.699655     +/-    17.96636     % 
   10.67762     +/-    20.99300     %    8.607561     +/-    18.86901     % 
   11.12398     +/-    16.93774     %    11.73288     +/-    4.623314     % 
   8.554417     +/-    16.74157     %    10.43009     +/-    23.24875     % 
   11.78772     +/-    14.70493     %    15.11200     +/-    25.46893     % 
   14.72758     +/-    25.82837     %    15.78593     +/-    8.463970     % 
   13.54761     +/-    22.70110     %    16.01837     +/-    18.34218     % 
   14.20789     +/-    8.641006     %    20.50086     +/-    19.28808     % 
   16.45786     +/-    27.85644     %    24.67951     +/-    14.28578     % 
   20.38167     +/-    27.51016     %    20.29285     +/-    26.57221     % 
   27.90098     +/-    9.165279     %    23.74026     +/-    10.31106     % 
   18.46598     +/-    25.88077     %    27.08790     +/-    20.07049     % 
   36.54522     +/-    12.75035     %    27.48160     +/-    27.94362     % 
   33.25918     +/-    19.01865     %    43.22942     +/-    6.190874     % 
   27.86504     +/-    8.265027     %    28.37954     +/-    14.43359     % 
   34.76546     +/-    29.54665     %    34.83569     +/-    19.66461     % 
   45.30754     +/-    8.061214     %    39.16711     +/-    19.78858     % 
   46.43518     +/-    12.98207     %    55.61158     +/-    24.73661     % 
   31.12074     +/-    25.38592     %    36.38983     +/-    19.75989     % 
   43.45378     +/-    13.25323     %    43.96588     +/-    34.44180     % 
   31.98689     +/-    13.88541     %    48.76836     +/-    27.85044     % 
   54.90189     +/-    9.103354     %    49.74082     +/-    3.380326     % 
   44.63460     +/-    12.41576     %    44.12382     +/-    15.27454     % 
   64.81358     +/-    21.15559     %    33.27515     +/-    37.37798     % 
   49.76494     +/-    10.73861     %    60.69032     +/-    12.91344     % 
   43.72407     +/-    41.22319     %    34.10468     +/-    33.62517     % 
   45.60221     +/-    35.55826     %    54.93256     +/-    23.40959     % 
   41.66431     +/-    52.46538     %    34.95177     +/-    22.95569     % 
   39.76079     +/-    20.01009     %    51.00062     +/-    25.00380     % 
   45.28651     +/-    30.00830     %    31.13553     +/-    20.75247     % 
   41.39170     +/-    58.40154     %    27.44896     +/-    58.73560     % 
   30.64023     +/-    41.10676     %    36.04823     +/-    10.91457     % 
   13.11941     +/-    59.66558     %    24.78356     +/-    51.05149     % 
   17.36060     +/-    81.17699     %    25.07935     +/-    32.11109     % 
   7.953638     +/-    90.69327     %    4.890232     +/-    44.78822     % 
   12.81158     +/-    59.39327     %    4.788478     +/-    45.80786     % 
   5.531547     +/-    42.87944     %    12.26784     +/-    68.42664     % 
   4.026945     +/-    33.11743     %    0.000000     +/-    0.000000     % 
   2.798942     +/-    61.30264     %    5.503380     +/-    36.73072     % 
   4.651909     +/-    43.86567     %    1.490688     +/-    61.46126     % 
   1.982227     +/-    59.34634     %   0.8799130     +/-    99.00000     % 


  **** Cumulative Fluxes as a function of energy **** ****      (integrated over solid angle)        ****


  Energy boundaries (GeV):


  6.4908857E-03  6.2255966E-03  5.9711491E-03  5.7271011E-03  5.4930281E-03
  5.2685221E-03  5.0531914E-03  4.8466618E-03  4.6485728E-03  4.4585806E-03
  4.2763534E-03  4.1015744E-03  3.9339378E-03  3.7731533E-03  3.6189402E-03
  3.4710304E-03  3.3291653E-03  3.1930986E-03  3.0625926E-03  2.9374212E-03
  2.8173653E-03  2.7022166E-03  2.5917736E-03  2.4858450E-03  2.3842456E-03
  2.2867990E-03  2.1933350E-03  2.1036908E-03  2.0177104E-03  1.9352445E-03
  1.8561487E-03  1.7802857E-03  1.7075235E-03  1.6377352E-03  1.5707990E-03
  1.5065987E-03  1.4450223E-03  1.3859626E-03  1.3293166E-03  1.2749861E-03
  1.2228759E-03  1.1728955E-03  1.1249580E-03  1.0789797E-03  1.0348805E-03
  9.9258381E-04  9.5201575E-04  9.1310585E-04  8.7578606E-04  8.3999184E-04
  8.0566033E-04  7.7273208E-04  7.4114965E-04  7.1085803E-04  6.8180443E-04
  6.5393833E-04  6.2721106E-04  6.0157629E-04  5.7698914E-04  5.5340701E-04
  5.3078862E-04  5.0909468E-04  4.8828736E-04  4.6833052E-04  4.4918931E-04
  4.3083046E-04  4.1322192E-04  3.9633305E-04  3.8013447E-04  3.6459797E-04
  3.4969641E-04  3.3540392E-04  3.2169558E-04  3.0854755E-04  2.9593683E-04
  2.8384157E-04  2.7224064E-04  2.6111386E-04  2.5044184E-04  2.4020599E-04
  2.3038850E-04  2.2097227E-04  2.1194086E-04  2.0327861E-04  1.9497037E-04
  1.8700173E-04  1.7935874E-04  1.7202814E-04  1.6499715E-04  1.5825355E-04
  1.5178554E-04  1.4558190E-04  1.3963180E-04  1.3392488E-04  1.2845121E-04
  1.2320127E-04  1.1816590E-04  1.1333632E-04  1.0870414E-04  1.0426128E-04
  Lowest boundary   (GeV):  9.9999997E-05

  Cumul. Flux (Part/cmq/pr):

   0.000000     +/-    0.000000     %    0.000000     +/-    0.000000     % 
  1.6232263E-04 +/-    37.80809     %   4.6418421E-04 +/-    24.45142     % 
  8.0163043E-04 +/-    25.03916     %   1.1741722E-03 +/-    14.11278     % 
  1.6678446E-03 +/-    12.31566     %   2.1976924E-03 +/-    5.216425     % 
  2.6621600E-03 +/-    2.674945     %   3.5909249E-03 +/-    5.574612     % 
  4.1833203E-03 +/-    6.265110     %   5.3507211E-03 +/-    8.761969     % 
  6.4426828E-03 +/-    10.70108     %   7.5483657E-03 +/-    8.841230     % 
  8.2145864E-03 +/-    8.458871     %   8.9178048E-03 +/-    6.887843     % 
  9.6232751E-03 +/-    4.108177     %   1.0507096E-02 +/-    3.972351     % 
  1.1146869E-02 +/-    3.487496     %   1.2071257E-02 +/-    3.650519     % 
  1.3300771E-02 +/-    2.204648     %   1.4251416E-02 +/-    2.864448     % 
  1.5429763E-02 +/-    2.683226     %   1.6621817E-02 +/-    2.226388     % 
  1.7455416E-02 +/-    2.382828     %   1.8430253E-02 +/-    2.186927     % 
  1.9486954E-02 +/-    2.211551     %   2.0786291E-02 +/-    1.828545     % 
  2.2000812E-02 +/-    2.186968     %   2.3249414E-02 +/-    2.244358     % 
  2.4277177E-02 +/-    1.776115     %   2.5442708E-02 +/-    1.568391     % 
  2.6434254E-02 +/-    1.370775     %   2.7806502E-02 +/-    2.018390     % 
  2.8863102E-02 +/-    1.960421     %   3.0382777E-02 +/-    1.738042     % 
  3.1586513E-02 +/-    1.829087     %   3.2736022E-02 +/-    1.481501     % 
  3.4251895E-02 +/-    1.817427     %   3.5489004E-02 +/-    1.907316     % 
  3.6411941E-02 +/-    1.568328     %   3.7710469E-02 +/-    1.663812     % 
  3.9390758E-02 +/-    1.793078     %   4.0602673E-02 +/-    1.893728     % 
  4.2009428E-02 +/-    2.015063     %   4.3763161E-02 +/-    1.796390     % 
  4.4847388E-02 +/-    1.869195     %   4.5906506E-02 +/-    1.727445     % 
  4.7150906E-02 +/-    1.519728     %   4.8346870E-02 +/-    1.629217     % 
  4.9838766E-02 +/-    1.785505     %   5.1075760E-02 +/-    1.718653     % 
  5.2482355E-02 +/-    1.993962     %   5.4098073E-02 +/-    1.914446     % 
  5.4965287E-02 +/-    1.992293     %   5.5937886E-02 +/-    1.887902     % 
  5.7051815E-02 +/-    1.908524     %   5.8132812E-02 +/-    1.497233     % 
  5.8887132E-02 +/-    1.384677     %   5.9990194E-02 +/-    1.062726     % 
  6.1181229E-02 +/-    1.162282     %   6.2216204E-02 +/-    1.122748     % 
  6.3106969E-02 +/-    1.097421     %   6.3951552E-02 +/-    1.186745     % 
  6.5141454E-02 +/-    1.185983     %   6.5727383E-02 +/-    1.359169     % 
  6.6567853E-02 +/-    1.446202     %   6.7550950E-02 +/-    1.508700     % 
  6.8230271E-02 +/-    1.440243     %   6.8738483E-02 +/-    1.518698     % 
  6.9390252E-02 +/-    1.597580     %   7.0143290E-02 +/-    1.550880     % 
  7.0691094E-02 +/-    1.480634     %   7.1131855E-02 +/-    1.589893     % 
  7.1612775E-02 +/-    1.586055     %   7.2204433E-02 +/-    1.518452     % 
  7.2708324E-02 +/-    1.398800     %   7.3040605E-02 +/-    1.359453     % 
  7.3464282E-02 +/-    1.312449     %   7.3733762E-02 +/-    1.265665     % 
  7.4022278E-02 +/-    1.221395     %   7.4347839E-02 +/-    1.206901     % 
  7.4461482E-02 +/-    1.185045     %   7.4667394E-02 +/-    1.189037     % 
  7.4805737E-02 +/-    1.199676     %   7.4997418E-02 +/-    1.261251     % 
  7.5055718E-02 +/-    1.318936     %   7.5090103E-02 +/-    1.329646     % 
  7.5176500E-02 +/-    1.298680     %   7.5207472E-02 +/-    1.291634     % 
  7.5241789E-02 +/-    1.298218     %   7.5314783E-02 +/-    1.306803     % 
  7.5337760E-02 +/-    1.311699     %   7.5337760E-02 +/-    1.311699     % 
  7.5352460E-02 +/-    1.313654     %   7.5380169E-02 +/-    1.302084     % 
  7.5402640E-02 +/-    1.304715     %   7.5409539E-02 +/-    1.309221     % 
  7.5418346E-02 +/-    1.310779     %   7.5422101E-02 +/-    1.308386     % 
